[2024-12-29 03:32:04,645] 15 root - INFO - >>>>>>>>>>>>>Data Ingestion Started<<<<<<<<<<<<<<
[2024-12-29 03:32:09,612] 37 root - INFO - Completed Exporting Collection as DataFrame
[2024-12-29 03:32:09,868] 50 root - INFO - Completed Exporting Data into Feature Store
[2024-12-29 03:32:09,879] 61 root - INFO - Completed Splitting Data into Train and Test Set
[2024-12-29 03:32:09,879] 62 root - INFO - Train Set Shape: (8844, 32)
[2024-12-29 03:32:09,880] 63 root - INFO - Test Set Shape: (2211, 32)
[2024-12-29 03:32:09,882] 67 root - INFO - Completed Creating Train and Test Directory
[2024-12-29 03:32:10,162] 70 root - INFO - Completed Exporting Train and Test Set
[2024-12-29 03:32:10,168] 20 root - INFO - >>>>>>>>>>>>>Data Ingestion Completed<<<<<<<<<<<<<<
[2024-12-29 03:32:10,168] 21 root - INFO - Train File Path: Artifacts\20241229033201\data_ingestion\ingested\train.csv
[2024-12-29 03:32:10,168] 22 root - INFO - Test File Path: Artifacts\20241229033201\data_ingestion\ingested\test.csv
[2024-12-29 03:32:10,169] 25 root - INFO - >>>>>>>>>>>>>Data Validation Started<<<<<<<<<<<<<<
[2024-12-29 03:32:10,345] 35 root - INFO - Number of columns in the schema: 2
[2024-12-29 03:32:10,345] 36 root - INFO - Number of columns in the dataframe: 32
[2024-12-29 03:32:10,346] 41 root - ERROR - Schema and dataframe have different number of columns
[2024-12-29 03:32:10,346] 35 root - INFO - Number of columns in the schema: 2
[2024-12-29 03:32:10,346] 36 root - INFO - Number of columns in the dataframe: 32
[2024-12-29 03:32:10,346] 41 root - ERROR - Schema and dataframe have different number of columns
[2024-12-29 03:32:10,689] 80 root - INFO - Data validation report: {'_id': {'p_value': 0.13988881186843918, 'drift_status': False}, 'having_IP_Address': {'p_value': 0.31184401680935797, 'drift_status': False}, 'URL_Length': {'p_value': 0.999999999999956, 'drift_status': False}, 'Shortining_Service': {'p_value': 0.9982529381226167, 'drift_status': False}, 'having_At_Symbol': {'p_value': 1.0, 'drift_status': False}, 'double_slash_redirecting': {'p_value': 0.9999996521355587, 'drift_status': False}, 'Prefix_Suffix': {'p_value': 0.8979221700912247, 'drift_status': False}, 'having_Sub_Domain': {'p_value': 0.9138087452740576, 'drift_status': False}, 'SSLfinal_State': {'p_value': 0.9999062353866229, 'drift_status': False}, 'Domain_registeration_length': {'p_value': 0.9958579353974752, 'drift_status': False}, 'Favicon': {'p_value': 0.9999510909578456, 'drift_status': False}, 'port': {'p_value': 1.0, 'drift_status': False}, 'HTTPS_token': {'p_value': 0.9996208033369954, 'drift_status': False}, 'Request_URL': {'p_value': 0.9964705532516113, 'drift_status': False}, 'URL_of_Anchor': {'p_value': 0.8291361447554398, 'drift_status': False}, 'Links_in_tags': {'p_value': 0.9236254567999284, 'drift_status': False}, 'SFH': {'p_value': 0.9999999999876384, 'drift_status': False}, 'Submitting_to_email': {'p_value': 1.0, 'drift_status': False}, 'Abnormal_URL': {'p_value': 1.0, 'drift_status': False}, 'Redirect': {'p_value': 0.9999953843756324, 'drift_status': False}, 'on_mouseover': {'p_value': 0.999999999999956, 'drift_status': False}, 'RightClick': {'p_value': 1.0, 'drift_status': False}, 'popUpWidnow': {'p_value': 0.9890321623362285, 'drift_status': False}, 'Iframe': {'p_value': 1.0, 'drift_status': False}, 'age_of_domain': {'p_value': 1.0, 'drift_status': False}, 'DNSRecord': {'p_value': 1.0, 'drift_status': False}, 'web_traffic': {'p_value': 0.928294204054473, 'drift_status': False}, 'Page_Rank': {'p_value': 1.0, 'drift_status': False}, 'Google_Index': {'p_value': 1.0, 'drift_status': False}, 'Links_pointing_to_page': {'p_value': 1.0, 'drift_status': False}, 'Statistical_report': {'p_value': 0.9453319119697715, 'drift_status': False}, 'Result': {'p_value': 1.0, 'drift_status': False}}
[2024-12-29 03:32:10,917] 29 root - INFO - >>>>>>>>>>>>>Data Validation Completed<<<<<<<<<<<<<<
[2024-12-29 03:32:10,918] 32 root - INFO - >>>>>>>>>>>>>Data Transformation Started<<<<<<<<<<<<<<
[2024-12-29 03:32:10,918] 48 root - INFO - Initiating data Reading
[2024-12-29 03:32:11,021] 51 root - INFO - Data read successfully
[2024-12-29 03:32:11,021] 52 root - INFO - Imputing missing values in train data
[2024-12-29 03:32:11,030] 58 root - INFO - Imputing missing values in test data
[2024-12-29 03:32:11,033] 63 root - INFO - Imputation complete
[2024-12-29 03:32:11,033] 65 root - INFO - Initiating data transformation pipeline
[2024-12-29 03:32:11,033] 34 root - INFO - Initiating KNNImputer with parameters{'missing_values': nan, 'n_neighbors': 3, 'weights': 'uniform'}
[2024-12-29 03:32:11,033] 38 root - INFO - KNNImputer initiated successfully
[2024-12-29 03:32:11,036] 68 root - INFO - Data transformation pipeline initiated successfully
[2024-12-29 03:32:11,047] 73 root - INFO - Converting transformed data to numpy array
[2024-12-29 03:32:11,049] 76 root - INFO - Train array shape: (8844, 31)
[2024-12-29 03:32:11,049] 77 root - INFO - Test array shape: (2211, 31)
[2024-12-29 03:32:11,049] 78 root - INFO - Data converted to numpy array
[2024-12-29 03:32:11,049] 29 root - INFO - Saving numpy array to file: Artifacts\20241229033201\data_transformation\transformed\trainnpy
[2024-12-29 03:32:11,124] 34 root - INFO - Complete saving numpy array to file: Artifacts\20241229033201\data_transformation\transformed\trainnpy
[2024-12-29 03:32:11,125] 29 root - INFO - Saving numpy array to file: Artifacts\20241229033201\data_transformation\transformed\testnpy
[2024-12-29 03:32:11,127] 34 root - INFO - Complete saving numpy array to file: Artifacts\20241229033201\data_transformation\transformed\testnpy
[2024-12-29 03:32:11,127] 40 root - INFO - Saving object to file: Artifacts\20241229033201\data_transformation\transformed_object\preprocessor.pkl
[2024-12-29 03:32:11,132] 44 root - INFO - Complete saving object to file: Artifacts\20241229033201\data_transformation\transformed_object\preprocessor.pkl
[2024-12-29 03:32:11,132] 84 root - INFO - Data transformation completed
[2024-12-29 03:32:11,135] 36 root - INFO - >>>>>>>>>>>>>Data Transformation Completed<<<<<<<<<<<<<<
[2024-12-29 03:32:11,136] 39 root - INFO - >>>>>>>>>>>>>Model Trainer Started<<<<<<<<<<<<<<
[2024-12-29 03:32:11,136] 165 root - INFO - Initiating Model Trainer
[2024-12-29 03:32:11,136] 167 root - INFO - Train File Path: Artifacts\20241229033201\data_transformation\transformed\trainnpy
[2024-12-29 03:32:11,136] 169 root - INFO - Test File Path: Artifacts\20241229033201\data_transformation\transformed\testnpy
[2024-12-29 03:32:11,186] 32 root - INFO - Choosing Model and Training the Model
[2024-12-29 03:32:11,187] 48 root - INFO - Hyperparameter Tuning
[2024-12-29 04:15:46,401] 19 NetworkSecurityLogger - ERROR - Error occurred in file: C:\Users\Arpit Kadam\Desktop\Network_Security\networksecurity\utils\main_utils\utils.py at line number: 91 with error message: No neighbors found for test samples array([   1,   13,   15,   20,   25,   27,   31,   37,   41,   44,   46,
         47,   49,   50,   51,   56,   58,   59,   68,   73,   74,   77,
         79,   81,   88,   91,   92,   99,  104,  110,  112,  113,  115,
        116,  117,  123,  127,  132,  144,  146,  147,  148,  150,  152,
        153,  162,  164,  165,  169,  170,  172,  173,  178,  182,  185,
        188,  194,  196,  197,  199,  201,  213,  214,  219,  220,  221,
        225,  228,  229,  231,  233,  238,  241,  244,  248,  252,  258,
        270,  272,  280,  286,  300,  305,  306,  312,  319,  328,  330,
        332,  334,  335,  337,  341,  356,  365,  368,  370,  376,  381,
        386,  394,  400,  408,  415,  418,  423,  424,  430,  431,  433,
        435,  438,  442,  444,  448,  453,  466,  479,  481,  484,  485,
        495,  503,  506,  511,  515,  517,  519,  523,  530,  546,  547,
        550,  551,  559,  560,  563,  567,  574,  580,  589,  591,  592,
        598,  605,  611,  617,  618,  620,  622,  625,  627,  629,  631,
        634,  641,  643,  646,  649,  657,  658,  661,  666,  675,  682,
        699,  701,  704,  705,  706,  711,  712,  719,  725,  732,  735,
        737,  740,  742,  749,  754,  761,  778,  780,  783,  784,  791,
        801,  802,  808,  819,  823,  828,  842,  861,  866,  870,  879,
        881,  891,  894,  898,  906,  917,  918,  919,  920,  925,  926,
        928,  929,  930,  931,  932,  950,  958,  963,  964,  965,  966,
        967,  972,  985,  987,  989,  990,  991,  994,  995, 1000, 1005,
       1006, 1007, 1010, 1018, 1021, 1025, 1029, 1031, 1034, 1036, 1046,
       1049, 1060, 1063, 1064, 1065, 1067, 1069, 1070, 1072, 1073, 1077,
       1079, 1080, 1084, 1086, 1091, 1101, 1106, 1117, 1121, 1122, 1123,
       1125, 1127, 1130, 1131, 1133, 1136, 1141, 1145, 1146, 1149, 1156,
       1157, 1161, 1163, 1164, 1165, 1180, 1189, 1190, 1192, 1197, 1206,
       1212, 1217, 1224, 1225, 1227, 1229, 1235, 1236, 1238, 1240, 1245,
       1263, 1265, 1267, 1272, 1275, 1277, 1279, 1280, 1281, 1283, 1291,
       1300, 1301, 1304, 1307, 1309, 1313, 1316, 1318, 1320, 1326, 1328,
       1338, 1339, 1340, 1344, 1347, 1362, 1365, 1372, 1374, 1376, 1377,
       1379, 1381, 1391, 1395, 1397, 1401, 1408, 1413, 1420, 1425, 1427,
       1428, 1431, 1434, 1435, 1441, 1452, 1459, 1472, 1478, 1480, 1483,
       1489, 1491, 1493, 1498, 1504, 1507, 1509, 1510, 1512, 1513, 1525,
       1530, 1535, 1540, 1541, 1549, 1550, 1553, 1555, 1568, 1576, 1588,
       1604, 1606, 1612, 1614, 1628, 1630, 1631, 1633, 1635, 1636, 1638,
       1665, 1669, 1670, 1671, 1673, 1676, 1681, 1689, 1691, 1693, 1701,
       1709, 1710, 1711, 1712, 1717, 1719, 1720, 1721, 1722, 1724, 1727,
       1729, 1730, 1731, 1738, 1740, 1742, 1743, 1745, 1749, 1755, 1764,
       1771, 1776, 1797, 1799, 1808, 1810, 1812, 1813, 1816, 1820, 1826,
       1834, 1837, 1838, 1839, 1843, 1845, 1846, 1848, 1850, 1853, 1854,
       1865, 1867, 1871, 1873, 1879, 1880, 1881, 1884, 1885, 1887, 1890,
       1897, 1899, 1908, 1915, 1916, 1919, 1922, 1924, 1926, 1932, 1943,
       1944, 1954, 1955, 1958, 1961, 1969, 1972, 1979, 1982, 1990, 1991,
       1992, 1993, 1994, 1998, 2005, 2009, 2010, 2014, 2015, 2033, 2036,
       2039, 2042, 2044, 2057, 2060, 2066, 2075, 2076, 2079, 2081, 2091,
       2092, 2103, 2111, 2115, 2119, 2128, 2131, 2134, 2143, 2145, 2147,
       2150, 2155, 2165, 2167, 2169, 2170, 2171, 2187, 2189, 2190, 2192,
       2194, 2197, 2204, 2208]), you can try using larger radius, giving a label for outliers, or considering removing them from your dataset.
[2024-12-29 04:15:46,401] 160 root - ERROR - Error in train_model: Error occurred in file: C:\Users\Arpit Kadam\Desktop\Network_Security\networksecurity\utils\main_utils\utils.py at line number: 91 with error message: No neighbors found for test samples array([   1,   13,   15,   20,   25,   27,   31,   37,   41,   44,   46,
         47,   49,   50,   51,   56,   58,   59,   68,   73,   74,   77,
         79,   81,   88,   91,   92,   99,  104,  110,  112,  113,  115,
        116,  117,  123,  127,  132,  144,  146,  147,  148,  150,  152,
        153,  162,  164,  165,  169,  170,  172,  173,  178,  182,  185,
        188,  194,  196,  197,  199,  201,  213,  214,  219,  220,  221,
        225,  228,  229,  231,  233,  238,  241,  244,  248,  252,  258,
        270,  272,  280,  286,  300,  305,  306,  312,  319,  328,  330,
        332,  334,  335,  337,  341,  356,  365,  368,  370,  376,  381,
        386,  394,  400,  408,  415,  418,  423,  424,  430,  431,  433,
        435,  438,  442,  444,  448,  453,  466,  479,  481,  484,  485,
        495,  503,  506,  511,  515,  517,  519,  523,  530,  546,  547,
        550,  551,  559,  560,  563,  567,  574,  580,  589,  591,  592,
        598,  605,  611,  617,  618,  620,  622,  625,  627,  629,  631,
        634,  641,  643,  646,  649,  657,  658,  661,  666,  675,  682,
        699,  701,  704,  705,  706,  711,  712,  719,  725,  732,  735,
        737,  740,  742,  749,  754,  761,  778,  780,  783,  784,  791,
        801,  802,  808,  819,  823,  828,  842,  861,  866,  870,  879,
        881,  891,  894,  898,  906,  917,  918,  919,  920,  925,  926,
        928,  929,  930,  931,  932,  950,  958,  963,  964,  965,  966,
        967,  972,  985,  987,  989,  990,  991,  994,  995, 1000, 1005,
       1006, 1007, 1010, 1018, 1021, 1025, 1029, 1031, 1034, 1036, 1046,
       1049, 1060, 1063, 1064, 1065, 1067, 1069, 1070, 1072, 1073, 1077,
       1079, 1080, 1084, 1086, 1091, 1101, 1106, 1117, 1121, 1122, 1123,
       1125, 1127, 1130, 1131, 1133, 1136, 1141, 1145, 1146, 1149, 1156,
       1157, 1161, 1163, 1164, 1165, 1180, 1189, 1190, 1192, 1197, 1206,
       1212, 1217, 1224, 1225, 1227, 1229, 1235, 1236, 1238, 1240, 1245,
       1263, 1265, 1267, 1272, 1275, 1277, 1279, 1280, 1281, 1283, 1291,
       1300, 1301, 1304, 1307, 1309, 1313, 1316, 1318, 1320, 1326, 1328,
       1338, 1339, 1340, 1344, 1347, 1362, 1365, 1372, 1374, 1376, 1377,
       1379, 1381, 1391, 1395, 1397, 1401, 1408, 1413, 1420, 1425, 1427,
       1428, 1431, 1434, 1435, 1441, 1452, 1459, 1472, 1478, 1480, 1483,
       1489, 1491, 1493, 1498, 1504, 1507, 1509, 1510, 1512, 1513, 1525,
       1530, 1535, 1540, 1541, 1549, 1550, 1553, 1555, 1568, 1576, 1588,
       1604, 1606, 1612, 1614, 1628, 1630, 1631, 1633, 1635, 1636, 1638,
       1665, 1669, 1670, 1671, 1673, 1676, 1681, 1689, 1691, 1693, 1701,
       1709, 1710, 1711, 1712, 1717, 1719, 1720, 1721, 1722, 1724, 1727,
       1729, 1730, 1731, 1738, 1740, 1742, 1743, 1745, 1749, 1755, 1764,
       1771, 1776, 1797, 1799, 1808, 1810, 1812, 1813, 1816, 1820, 1826,
       1834, 1837, 1838, 1839, 1843, 1845, 1846, 1848, 1850, 1853, 1854,
       1865, 1867, 1871, 1873, 1879, 1880, 1881, 1884, 1885, 1887, 1890,
       1897, 1899, 1908, 1915, 1916, 1919, 1922, 1924, 1926, 1932, 1943,
       1944, 1954, 1955, 1958, 1961, 1969, 1972, 1979, 1982, 1990, 1991,
       1992, 1993, 1994, 1998, 2005, 2009, 2010, 2014, 2015, 2033, 2036,
       2039, 2042, 2044, 2057, 2060, 2066, 2075, 2076, 2079, 2081, 2091,
       2092, 2103, 2111, 2115, 2119, 2128, 2131, 2134, 2143, 2145, 2147,
       2150, 2155, 2165, 2167, 2169, 2170, 2171, 2187, 2189, 2190, 2192,
       2194, 2197, 2204, 2208]), you can try using larger radius, giving a label for outliers, or considering removing them from your dataset.
[2024-12-29 04:15:46,401] 184 root - ERROR - Error in initiate_model_trainer: NetworkSecurityException.__init__() missing 1 required positional argument: 'exc_details'
