[2024-12-29 09:27:32,267] 1025 httpx - INFO - HTTP Request: GET https://dagshub.com/api/v1/user "HTTP/1.1 200 OK"
[2024-12-29 09:27:32,281] 107 dagshub - INFO - Accessing as ArpitKadam
[2024-12-29 09:27:33,393] 1025 httpx - INFO - HTTP Request: GET https://dagshub.com/api/v1/repos/ArpitKadam/Network_Security "HTTP/1.1 200 OK"
[2024-12-29 09:27:34,215] 1025 httpx - INFO - HTTP Request: GET https://dagshub.com/api/v1/user "HTTP/1.1 200 OK"
[2024-12-29 09:27:34,221] 107 dagshub - INFO - Initialized MLflow to track repo "ArpitKadam/Network_Security"
[2024-12-29 09:27:34,224] 107 dagshub - INFO - Repository ArpitKadam/Network_Security initialized!
[2024-12-29 09:28:47,740] 19 root - INFO - >>>>>>>>>>>>Data Ingestion Started<<<<<<<<<<<<<<
[2024-12-29 09:28:53,962] 37 root - INFO - Completed Exporting Collection as DataFrame
[2024-12-29 09:28:54,094] 50 root - INFO - Completed Exporting Data into Feature Store
[2024-12-29 09:28:54,104] 61 root - INFO - Completed Splitting Data into Train and Test Set
[2024-12-29 09:28:54,104] 62 root - INFO - Train Set Shape: (8844, 32)
[2024-12-29 09:28:54,104] 63 root - INFO - Test Set Shape: (2211, 32)
[2024-12-29 09:28:54,105] 67 root - INFO - Completed Creating Train and Test Directory
[2024-12-29 09:28:54,328] 70 root - INFO - Completed Exporting Train and Test Set
[2024-12-29 09:28:54,332] 21 root - INFO - >>>>>>>>>>>>Completed Data Ingestion<<<<<<<<<<<<<<
[2024-12-29 09:28:54,332] 22 root - INFO - Data Ingestion completed: DataIngestionArtifact(trained_file_path='Artifacts\\20241229092723\\data_ingestion\\ingested\\train.csv', test_file_path='Artifacts\\20241229092723\\data_ingestion\\ingested\\test.csv')
[2024-12-29 09:28:54,347] 31 root - INFO - >>>>>>>>>>>>>>Data Validation started<<<<<<<<<<<<<<
[2024-12-29 09:28:54,448] 35 root - INFO - Number of columns in the schema: 2
[2024-12-29 09:28:54,448] 36 root - INFO - Number of columns in the dataframe: 32
[2024-12-29 09:28:54,448] 41 root - ERROR - Schema and dataframe have different number of columns
[2024-12-29 09:28:54,448] 35 root - INFO - Number of columns in the schema: 2
[2024-12-29 09:28:54,448] 36 root - INFO - Number of columns in the dataframe: 32
[2024-12-29 09:28:54,448] 41 root - ERROR - Schema and dataframe have different number of columns
[2024-12-29 09:28:54,630] 80 root - INFO - Data validation report: {'_id': {'p_value': 0.6930334890847099, 'drift_status': False}, 'having_IP_Address': {'p_value': 1.0, 'drift_status': False}, 'URL_Length': {'p_value': 0.9999971010402764, 'drift_status': False}, 'Shortining_Service': {'p_value': 1.0, 'drift_status': False}, 'having_At_Symbol': {'p_value': 0.9999998099738984, 'drift_status': False}, 'double_slash_redirecting': {'p_value': 1.0, 'drift_status': False}, 'Prefix_Suffix': {'p_value': 1.0, 'drift_status': False}, 'having_Sub_Domain': {'p_value': 0.9860900857001905, 'drift_status': False}, 'SSLfinal_State': {'p_value': 0.9999982228268777, 'drift_status': False}, 'Domain_registeration_length': {'p_value': 1.0, 'drift_status': False}, 'Favicon': {'p_value': 1.0, 'drift_status': False}, 'port': {'p_value': 1.0, 'drift_status': False}, 'HTTPS_token': {'p_value': 1.0, 'drift_status': False}, 'Request_URL': {'p_value': 0.9763752606358573, 'drift_status': False}, 'URL_of_Anchor': {'p_value': 0.9999982228268777, 'drift_status': False}, 'Links_in_tags': {'p_value': 0.9999996521355587, 'drift_status': False}, 'SFH': {'p_value': 1.0, 'drift_status': False}, 'Submitting_to_email': {'p_value': 1.0, 'drift_status': False}, 'Abnormal_URL': {'p_value': 0.9597114153770513, 'drift_status': False}, 'Redirect': {'p_value': 0.9993864328065777, 'drift_status': False}, 'on_mouseover': {'p_value': 1.0, 'drift_status': False}, 'RightClick': {'p_value': 1.0, 'drift_status': False}, 'popUpWidnow': {'p_value': 1.0, 'drift_status': False}, 'Iframe': {'p_value': 1.0, 'drift_status': False}, 'age_of_domain': {'p_value': 0.9999999883158472, 'drift_status': False}, 'DNSRecord': {'p_value': 0.6610275421754552, 'drift_status': False}, 'web_traffic': {'p_value': 0.9876237011526984, 'drift_status': False}, 'Page_Rank': {'p_value': 0.998821814236978, 'drift_status': False}, 'Google_Index': {'p_value': 0.9935243434380693, 'drift_status': False}, 'Links_pointing_to_page': {'p_value': 0.9999999999965016, 'drift_status': False}, 'Statistical_report': {'p_value': 1.0, 'drift_status': False}, 'Result': {'p_value': 1.0, 'drift_status': False}}
[2024-12-29 09:28:54,772] 33 root - INFO - >>>>>>>>>>>>>>Data Validation completed<<<<<<<<<<<<<<
[2024-12-29 09:28:54,773] 34 root - INFO - Data Validation completed: DataValidationArtifact(validation_status=True, valid_train_file_path='Artifacts\\20241229092723\\data_validation\\validated\\train.csv', valid_test_file_path='Artifacts\\20241229092723\\data_validation\\validated\\test.csv', invalid_train_file_path=None, invalid_test_file_path=None, drift_report_file_path='Artifacts\\20241229092723\\data_validation\\drift_report\\report.yaml')
[2024-12-29 09:28:54,773] 43 root - INFO - >>>>>>>>>>>>>Data Transformation Started<<<<<<<<<<<<<<
[2024-12-29 09:28:54,773] 48 root - INFO - Initiating data Reading
[2024-12-29 09:28:55,078] 51 root - INFO - Data read successfully
[2024-12-29 09:28:55,078] 52 root - INFO - Imputing missing values in train data
[2024-12-29 09:28:55,083] 58 root - INFO - Imputing missing values in test data
[2024-12-29 09:28:55,085] 63 root - INFO - Imputation complete
[2024-12-29 09:28:55,086] 65 root - INFO - Initiating data transformation pipeline
[2024-12-29 09:28:55,086] 34 root - INFO - Initiating KNNImputer with parameters{'missing_values': nan, 'n_neighbors': 3, 'weights': 'uniform'}
[2024-12-29 09:28:55,086] 38 root - INFO - KNNImputer initiated successfully
[2024-12-29 09:28:55,090] 68 root - INFO - Data transformation pipeline initiated successfully
[2024-12-29 09:28:55,110] 73 root - INFO - Converting transformed data to numpy array
[2024-12-29 09:28:55,111] 76 root - INFO - Train array shape: (8844, 31)
[2024-12-29 09:28:55,111] 77 root - INFO - Test array shape: (2211, 31)
[2024-12-29 09:28:55,111] 78 root - INFO - Data converted to numpy array
[2024-12-29 09:28:55,111] 29 root - INFO - Saving numpy array to file: Artifacts\20241229092723\data_transformation\transformed\trainnpy
[2024-12-29 09:28:55,114] 34 root - INFO - Complete saving numpy array to file: Artifacts\20241229092723\data_transformation\transformed\trainnpy
[2024-12-29 09:28:55,115] 29 root - INFO - Saving numpy array to file: Artifacts\20241229092723\data_transformation\transformed\testnpy
[2024-12-29 09:28:55,116] 34 root - INFO - Complete saving numpy array to file: Artifacts\20241229092723\data_transformation\transformed\testnpy
[2024-12-29 09:28:55,116] 40 root - INFO - Saving object to file: Artifacts\20241229092723\data_transformation\transformed_object\preprocessor.pkl
[2024-12-29 09:28:55,120] 44 root - INFO - Complete saving object to file: Artifacts\20241229092723\data_transformation\transformed_object\preprocessor.pkl
[2024-12-29 09:28:55,120] 40 root - INFO - Saving object to file: final_models/preprocessor.pkl
[2024-12-29 09:28:55,140] 44 root - INFO - Complete saving object to file: final_models/preprocessor.pkl
[2024-12-29 09:28:55,140] 86 root - INFO - Data transformation completed
[2024-12-29 09:28:55,142] 45 root - INFO - >>>>>>>>>>>>>Data Transformation completed<<<<<<<<<<<<<<
[2024-12-29 09:28:55,142] 46 root - INFO - Data Transformation completed: DataTransformationArtifact(transformed_train_file_path='Artifacts\\20241229092723\\data_transformation\\transformed\\trainnpy', transformed_test_file_path='Artifacts\\20241229092723\\data_transformation\\transformed\\testnpy', transformed_object_file_path='Artifacts\\20241229092723\\data_transformation\\transformed_object\\preprocessor.pkl')
[2024-12-29 09:28:55,142] 55 root - INFO - >>>>>>>>>>>>Model Trainer started<<<<<<<<<<<<<<
[2024-12-29 09:28:55,142] 165 root - INFO - Initiating Model Trainer
[2024-12-29 09:28:55,143] 167 root - INFO - Train File Path: Artifacts\20241229092723\data_transformation\transformed\trainnpy
[2024-12-29 09:28:55,143] 169 root - INFO - Test File Path: Artifacts\20241229092723\data_transformation\transformed\testnpy
[2024-12-29 09:28:55,168] 51 root - INFO - Choosing Model and Training the Model
[2024-12-29 09:28:55,168] 63 root - INFO - Hyperparameter Tuning
[2024-12-29 09:32:39,640] 110 root - INFO - Hyperparameter Tuning Completed
[2024-12-29 09:32:39,641] 111 root - INFO - Model Report: {'Logistic Regression': 0.6772996183680882, 'Random Forest': 0.8734867822011255, 'Ada Boost': 0.7176371660720773, 'Bagging': 0.866152682618582, 'Decision Tree': 0.8606521079316745, 'Support Vector Machine': 0.7671423382542455, 'Extra Tree': 0.8459839087665876}
[2024-12-29 09:32:39,641] 113 root - INFO - Best Model Score: 0.8734867822011255
[2024-12-29 09:32:39,641] 117 root - INFO - Best Model Name: Random Forest
[2024-12-29 09:32:39,768] 123 root - INFO - Classification Train Metric: ClassificationMetricArtifact(accuracy_score=0.9908412483039348, precision_score=0.9900829791540174, recall_score=0.9935012185215272, f1_score=0.9917891535732387)
[2024-12-29 09:32:39,862] 127 root - INFO - Classification Test Metric: ClassificationMetricArtifact(accuracy_score=0.9687924016282226, precision_score=0.9663461538461539, recall_score=0.9781021897810219, f1_score=0.9721886336154776)
[2024-12-29 09:32:39,862] 130 root - INFO - Tracking with MLFlow
[2024-12-29 09:32:39,862] 132 root - INFO - Tracking Trained Model with MLFlow
[2024-12-29 09:33:17,180] 135 root - INFO - Tracking Test Model with MLFlow
[2024-12-29 09:33:49,943] 138 root - INFO - Completed Tracking Model with MLFlow
[2024-12-29 09:33:49,944] 52 root - INFO - Loading object from file: Artifacts\20241229092723\data_transformation\transformed_object\preprocessor.pkl
[2024-12-29 09:33:49,948] 143 root - INFO - Saving the Trained Model: Artifacts\20241229092723\model_trainer\trained_model\model.pkl
[2024-12-29 09:33:49,949] 40 root - INFO - Saving object to file: final_models/model.pkl
[2024-12-29 09:33:49,985] 44 root - INFO - Complete saving object to file: final_models/model.pkl
[2024-12-29 09:33:49,985] 148 root - INFO - Network Model: <networksecurity.utils.ml_utils.model.estimator.NetworkModel object at 0x000002E184B50880>
[2024-12-29 09:33:49,985] 40 root - INFO - Saving object to file: Artifacts\20241229092723\model_trainer\trained_model\model.pkl
[2024-12-29 09:33:50,019] 44 root - INFO - Complete saving object to file: Artifacts\20241229092723\model_trainer\trained_model\model.pkl
[2024-12-29 09:33:50,020] 156 root - INFO - Model Trainer Artifact: ModelTrainerArtifact(trained_model_file_path='Artifacts\\20241229092723\\model_trainer\\trained_model\\model.pkl', train_metric_artifact=ClassificationMetricArtifact(accuracy_score=0.9908412483039348, precision_score=0.9900829791540174, recall_score=0.9935012185215272, f1_score=0.9917891535732387), test_metric_artifact=ClassificationMetricArtifact(accuracy_score=0.9687924016282226, precision_score=0.9663461538461539, recall_score=0.9781021897810219, f1_score=0.9721886336154776))
[2024-12-29 09:33:50,027] 57 root - INFO - >>>>>>>>>>>>>Model Trainer completed <<<<<<<<<<<<<<
[2024-12-29 09:33:50,028] 58 root - INFO - Model Trainer completed: ModelTrainerArtifact(trained_model_file_path='Artifacts\\20241229092723\\model_trainer\\trained_model\\model.pkl', train_metric_artifact=ClassificationMetricArtifact(accuracy_score=0.9908412483039348, precision_score=0.9900829791540174, recall_score=0.9935012185215272, f1_score=0.9917891535732387), test_metric_artifact=ClassificationMetricArtifact(accuracy_score=0.9687924016282226, precision_score=0.9663461538461539, recall_score=0.9781021897810219, f1_score=0.9721886336154776))
