[2024-12-29 06:34:08,341] 15 root - INFO - >>>>>>>>>>>>>Data Ingestion Started<<<<<<<<<<<<<<
[2024-12-29 06:34:12,295] 37 root - INFO - Completed Exporting Collection as DataFrame
[2024-12-29 06:34:12,538] 50 root - INFO - Completed Exporting Data into Feature Store
[2024-12-29 06:34:12,548] 61 root - INFO - Completed Splitting Data into Train and Test Set
[2024-12-29 06:34:12,548] 62 root - INFO - Train Set Shape: (8844, 32)
[2024-12-29 06:34:12,548] 63 root - INFO - Test Set Shape: (2211, 32)
[2024-12-29 06:34:12,549] 67 root - INFO - Completed Creating Train and Test Directory
[2024-12-29 06:34:12,766] 70 root - INFO - Completed Exporting Train and Test Set
[2024-12-29 06:34:12,773] 20 root - INFO - >>>>>>>>>>>>>Data Ingestion Completed<<<<<<<<<<<<<<
[2024-12-29 06:34:12,774] 21 root - INFO - Train File Path: Artifacts\20241229063401\data_ingestion\ingested\train.csv
[2024-12-29 06:34:12,774] 22 root - INFO - Test File Path: Artifacts\20241229063401\data_ingestion\ingested\test.csv
[2024-12-29 06:34:12,775] 25 root - INFO - >>>>>>>>>>>>>Data Validation Started<<<<<<<<<<<<<<
[2024-12-29 06:34:12,891] 35 root - INFO - Number of columns in the schema: 2
[2024-12-29 06:34:12,891] 36 root - INFO - Number of columns in the dataframe: 32
[2024-12-29 06:34:12,891] 41 root - ERROR - Schema and dataframe have different number of columns
[2024-12-29 06:34:12,891] 35 root - INFO - Number of columns in the schema: 2
[2024-12-29 06:34:12,892] 36 root - INFO - Number of columns in the dataframe: 32
[2024-12-29 06:34:12,892] 41 root - ERROR - Schema and dataframe have different number of columns
[2024-12-29 06:34:13,197] 80 root - INFO - Data validation report: {'_id': {'p_value': 0.22153473522166245, 'drift_status': False}, 'having_IP_Address': {'p_value': 1.0, 'drift_status': False}, 'URL_Length': {'p_value': 0.9999998099738984, 'drift_status': False}, 'Shortining_Service': {'p_value': 0.9999999999876384, 'drift_status': False}, 'having_At_Symbol': {'p_value': 1.0, 'drift_status': False}, 'double_slash_redirecting': {'p_value': 1.0, 'drift_status': False}, 'Prefix_Suffix': {'p_value': 1.0, 'drift_status': False}, 'having_Sub_Domain': {'p_value': 0.7786069254909116, 'drift_status': False}, 'SSLfinal_State': {'p_value': 0.3409602392321336, 'drift_status': False}, 'Domain_registeration_length': {'p_value': 0.9999999999997877, 'drift_status': False}, 'Favicon': {'p_value': 1.0, 'drift_status': False}, 'port': {'p_value': 0.9999999996602011, 'drift_status': False}, 'HTTPS_token': {'p_value': 1.0, 'drift_status': False}, 'Request_URL': {'p_value': 0.9999998099738984, 'drift_status': False}, 'URL_of_Anchor': {'p_value': 1.0, 'drift_status': False}, 'Links_in_tags': {'p_value': 0.928294204054473, 'drift_status': False}, 'SFH': {'p_value': 0.3469946938904867, 'drift_status': False}, 'Submitting_to_email': {'p_value': 0.9999062353866229, 'drift_status': False}, 'Abnormal_URL': {'p_value': 0.9999999999876384, 'drift_status': False}, 'Redirect': {'p_value': 0.9999654772410788, 'drift_status': False}, 'on_mouseover': {'p_value': 0.999999999999956, 'drift_status': False}, 'RightClick': {'p_value': 1.0, 'drift_status': False}, 'popUpWidnow': {'p_value': 0.9999928159851212, 'drift_status': False}, 'Iframe': {'p_value': 0.9997064605886263, 'drift_status': False}, 'age_of_domain': {'p_value': 0.6930334890847099, 'drift_status': False}, 'DNSRecord': {'p_value': 1.0, 'drift_status': False}, 'web_traffic': {'p_value': 0.9999760319468036, 'drift_status': False}, 'Page_Rank': {'p_value': 1.0, 'drift_status': False}, 'Google_Index': {'p_value': 0.903368877960458, 'drift_status': False}, 'Links_pointing_to_page': {'p_value': 0.9999996521355587, 'drift_status': False}, 'Statistical_report': {'p_value': 0.9964705532516113, 'drift_status': False}, 'Result': {'p_value': 1.0, 'drift_status': False}}
[2024-12-29 06:34:13,392] 29 root - INFO - >>>>>>>>>>>>>Data Validation Completed<<<<<<<<<<<<<<
[2024-12-29 06:34:13,412] 32 root - INFO - >>>>>>>>>>>>>Data Transformation Started<<<<<<<<<<<<<<
[2024-12-29 06:34:13,412] 48 root - INFO - Initiating data Reading
[2024-12-29 06:34:13,528] 51 root - INFO - Data read successfully
[2024-12-29 06:34:13,528] 52 root - INFO - Imputing missing values in train data
[2024-12-29 06:34:13,541] 58 root - INFO - Imputing missing values in test data
[2024-12-29 06:34:13,544] 63 root - INFO - Imputation complete
[2024-12-29 06:34:13,544] 65 root - INFO - Initiating data transformation pipeline
[2024-12-29 06:34:13,544] 34 root - INFO - Initiating KNNImputer with parameters{'missing_values': nan, 'n_neighbors': 3, 'weights': 'uniform'}
[2024-12-29 06:34:13,544] 38 root - INFO - KNNImputer initiated successfully
[2024-12-29 06:34:13,550] 68 root - INFO - Data transformation pipeline initiated successfully
[2024-12-29 06:34:13,560] 73 root - INFO - Converting transformed data to numpy array
[2024-12-29 06:34:13,562] 76 root - INFO - Train array shape: (8844, 31)
[2024-12-29 06:34:13,563] 77 root - INFO - Test array shape: (2211, 31)
[2024-12-29 06:34:13,563] 78 root - INFO - Data converted to numpy array
[2024-12-29 06:34:13,563] 29 root - INFO - Saving numpy array to file: Artifacts\20241229063401\data_transformation\transformed\trainnpy
[2024-12-29 06:34:13,610] 34 root - INFO - Complete saving numpy array to file: Artifacts\20241229063401\data_transformation\transformed\trainnpy
[2024-12-29 06:34:13,610] 29 root - INFO - Saving numpy array to file: Artifacts\20241229063401\data_transformation\transformed\testnpy
[2024-12-29 06:34:13,612] 34 root - INFO - Complete saving numpy array to file: Artifacts\20241229063401\data_transformation\transformed\testnpy
[2024-12-29 06:34:13,613] 40 root - INFO - Saving object to file: Artifacts\20241229063401\data_transformation\transformed_object\preprocessor.pkl
[2024-12-29 06:34:13,618] 44 root - INFO - Complete saving object to file: Artifacts\20241229063401\data_transformation\transformed_object\preprocessor.pkl
[2024-12-29 06:34:13,618] 84 root - INFO - Data transformation completed
[2024-12-29 06:34:13,620] 36 root - INFO - >>>>>>>>>>>>>Data Transformation Completed<<<<<<<<<<<<<<
[2024-12-29 06:34:13,624] 39 root - INFO - >>>>>>>>>>>>>Model Trainer Started<<<<<<<<<<<<<<
[2024-12-29 06:34:13,625] 155 root - INFO - Initiating Model Trainer
[2024-12-29 06:34:13,625] 157 root - INFO - Train File Path: Artifacts\20241229063401\data_transformation\transformed\trainnpy
[2024-12-29 06:34:13,625] 159 root - INFO - Test File Path: Artifacts\20241229063401\data_transformation\transformed\testnpy
[2024-12-29 06:34:13,677] 46 root - INFO - Choosing Model and Training the Model
[2024-12-29 06:34:13,677] 58 root - INFO - Hyperparameter Tuning
[2024-12-29 06:38:09,273] 105 root - INFO - Hyperparameter Tuning Completed
[2024-12-29 06:38:09,273] 106 root - INFO - Model Report: {'Logistic Regression': 0.7106030532074584, 'Random Forest': 0.8937656777597, 'Ada Boost': 0.7252560631716377, 'Bagging': 0.8699545365679086, 'Decision Tree': 0.8424801428850723, 'Support Vector Machine': 0.7820364767828326, 'Extra Tree': 0.8461433953761172}
[2024-12-29 06:38:09,273] 108 root - INFO - Best Model Score: 0.8937656777597
[2024-12-29 06:38:09,274] 112 root - INFO - Best Model Name: Random Forest
[2024-12-29 06:38:09,512] 118 root - INFO - Classification Train Metric: ClassificationMetricArtifact(accuracy_score=0.9902758932609679, precision_score=0.9886982845610495, recall_score=0.9939135727328059, f1_score=0.9912990692027519)
[2024-12-29 06:38:09,632] 122 root - INFO - Classification Test Metric: ClassificationMetricArtifact(accuracy_score=0.973767526006332, precision_score=0.9657643312101911, recall_score=0.987785016286645, f1_score=0.9766505636070854)
[2024-12-29 06:38:09,632] 125 root - INFO - Tracking with MLFlow
[2024-12-29 06:38:09,632] 126 root - INFO - Tracking Trained Model with MLFlow
[2024-12-29 06:38:23,809] 128 root - INFO - Tracking Test Model with MLFlow
[2024-12-29 06:38:33,983] 130 root - INFO - Completed Tracking Model with MLFlow
[2024-12-29 06:38:33,984] 52 root - INFO - Loading object from file: Artifacts\20241229063401\data_transformation\transformed_object\preprocessor.pkl
[2024-12-29 06:38:33,986] 135 root - INFO - Saving the Trained Model: Artifacts\20241229063401\model_trainer\trained_model\model.pkl
[2024-12-29 06:38:33,987] 138 root - INFO - Network Model: <networksecurity.utils.ml_utils.model.estimator.NetworkModel object at 0x000001AD38817EB0>
[2024-12-29 06:38:33,987] 40 root - INFO - Saving object to file: Artifacts\20241229063401\model_trainer\trained_model\model.pkl
[2024-12-29 06:38:34,039] 44 root - INFO - Complete saving object to file: Artifacts\20241229063401\model_trainer\trained_model\model.pkl
[2024-12-29 06:38:34,040] 146 root - INFO - Model Trainer Artifact: ModelTrainerArtifact(trained_model_file_path='Artifacts\\20241229063401\\model_trainer\\trained_model\\model.pkl', train_metric_artifact=ClassificationMetricArtifact(accuracy_score=0.9902758932609679, precision_score=0.9886982845610495, recall_score=0.9939135727328059, f1_score=0.9912990692027519), test_metric_artifact=ClassificationMetricArtifact(accuracy_score=0.973767526006332, precision_score=0.9657643312101911, recall_score=0.987785016286645, f1_score=0.9766505636070854))
[2024-12-29 06:38:34,048] 43 root - INFO - >>>>>>>>>>>>>Model Trainer Completed<<<<<<<<<<<<<<
