[2024-12-28 20:01:42,356] 13 root - INFO - >>>>>>>>>>>>>Data Ingestion Started<<<<<<<<<<<<<<
[2024-12-28 20:01:48,250] 37 root - INFO - Completed Exporting Collection as DataFrame
[2024-12-28 20:01:48,505] 50 root - INFO - Completed Exporting Data into Feature Store
[2024-12-28 20:01:48,513] 61 root - INFO - Completed Splitting Data into Train and Test Set
[2024-12-28 20:01:48,514] 62 root - INFO - Train Set Shape: (8844, 32)
[2024-12-28 20:01:48,514] 63 root - INFO - Test Set Shape: (2211, 32)
[2024-12-28 20:01:48,517] 67 root - INFO - Completed Creating Train and Test Directory
[2024-12-28 20:01:48,803] 70 root - INFO - Completed Exporting Train and Test Set
[2024-12-28 20:01:48,811] 18 root - INFO - >>>>>>>>>>>>>Data Ingestion Completed<<<<<<<<<<<<<<
[2024-12-28 20:01:48,811] 19 root - INFO - Train File Path: Artifacts\20241228200140\data_ingestion\ingested\train.csv
[2024-12-28 20:01:48,811] 20 root - INFO - Test File Path: Artifacts\20241228200140\data_ingestion\ingested\test.csv
[2024-12-28 20:01:48,813] 23 root - INFO - >>>>>>>>>>>>>Data Validation Started<<<<<<<<<<<<<<
[2024-12-28 20:01:48,997] 35 root - INFO - Number of columns in the schema: 2
[2024-12-28 20:01:49,008] 36 root - INFO - Number of columns in the dataframe: 32
[2024-12-28 20:01:49,008] 41 root - ERROR - Schema and dataframe have different number of columns
[2024-12-28 20:01:49,008] 35 root - INFO - Number of columns in the schema: 2
[2024-12-28 20:01:49,008] 36 root - INFO - Number of columns in the dataframe: 32
[2024-12-28 20:01:49,008] 41 root - ERROR - Schema and dataframe have different number of columns
[2024-12-28 20:01:49,199] 80 root - INFO - Data validation report: {'_id': {'p_value': 0.903368877960458, 'drift_status': False}, 'having_IP_Address': {'p_value': 0.9999993831997822, 'drift_status': False}, 'URL_Length': {'p_value': 1.0, 'drift_status': False}, 'Shortining_Service': {'p_value': 1.0, 'drift_status': False}, 'having_At_Symbol': {'p_value': 1.0, 'drift_status': False}, 'double_slash_redirecting': {'p_value': 0.9993864328065777, 'drift_status': False}, 'Prefix_Suffix': {'p_value': 0.8979221700912247, 'drift_status': False}, 'having_Sub_Domain': {'p_value': 0.9999928159851212, 'drift_status': False}, 'SSLfinal_State': {'p_value': 0.6930334890847099, 'drift_status': False}, 'Domain_registeration_length': {'p_value': 0.9999996521355587, 'drift_status': False}, 'Favicon': {'p_value': 1.0, 'drift_status': False}, 'port': {'p_value': 0.9990438890770315, 'drift_status': False}, 'HTTPS_token': {'p_value': 0.9970105474352128, 'drift_status': False}, 'Request_URL': {'p_value': 0.9999760319468036, 'drift_status': False}, 'URL_of_Anchor': {'p_value': 0.9999993831997822, 'drift_status': False}, 'Links_in_tags': {'p_value': 0.9996208033369954, 'drift_status': False}, 'SFH': {'p_value': 0.9999999999598222, 'drift_status': False}, 'Submitting_to_email': {'p_value': 0.9993864328065777, 'drift_status': False}, 'Abnormal_URL': {'p_value': 1.0, 'drift_status': False}, 'Redirect': {'p_value': 1.0, 'drift_status': False}, 'on_mouseover': {'p_value': 1.0, 'drift_status': False}, 'RightClick': {'p_value': 0.998821814236978, 'drift_status': False}, 'popUpWidnow': {'p_value': 1.0, 'drift_status': False}, 'Iframe': {'p_value': 1.0, 'drift_status': False}, 'age_of_domain': {'p_value': 0.9999996521355587, 'drift_status': False}, 'DNSRecord': {'p_value': 0.9138087452740576, 'drift_status': False}, 'web_traffic': {'p_value': 0.8079952786138995, 'drift_status': False}, 'Page_Rank': {'p_value': 0.9999654772410788, 'drift_status': False}, 'Google_Index': {'p_value': 0.9413205455808915, 'drift_status': False}, 'Links_pointing_to_page': {'p_value': 0.8427303427983684, 'drift_status': False}, 'Statistical_report': {'p_value': 0.9999999999598222, 'drift_status': False}, 'Result': {'p_value': 1.0, 'drift_status': False}}
[2024-12-28 20:01:49,354] 27 root - INFO - >>>>>>>>>>>>>Data Validation Completed<<<<<<<<<<<<<<
