[2024-12-28 20:00:25,588] 13 root - INFO - >>>>>>>>>>>>>Data Ingestion Started<<<<<<<<<<<<<<
[2024-12-28 20:00:30,780] 37 root - INFO - Completed Exporting Collection as DataFrame
[2024-12-28 20:00:30,991] 50 root - INFO - Completed Exporting Data into Feature Store
[2024-12-28 20:00:30,999] 61 root - INFO - Completed Splitting Data into Train and Test Set
[2024-12-28 20:00:30,999] 62 root - INFO - Train Set Shape: (8844, 32)
[2024-12-28 20:00:30,999] 63 root - INFO - Test Set Shape: (2211, 32)
[2024-12-28 20:00:31,000] 67 root - INFO - Completed Creating Train and Test Directory
[2024-12-28 20:00:31,148] 70 root - INFO - Completed Exporting Train and Test Set
[2024-12-28 20:00:31,153] 18 root - INFO - >>>>>>>>>>>>>Data Ingestion Completed<<<<<<<<<<<<<<
[2024-12-28 20:00:31,153] 19 root - INFO - Train File Path: Artifacts\20241228200023\data_ingestion\ingested\train.csv
[2024-12-28 20:00:31,154] 20 root - INFO - Test File Path: Artifacts\20241228200023\data_ingestion\ingested\test.csv
[2024-12-28 20:00:31,156] 23 root - INFO - >>>>>>>>>>>>>Data Validation Started<<<<<<<<<<<<<<
[2024-12-28 20:00:31,267] 35 root - INFO - Number of columns in the schema: 31
[2024-12-28 20:00:31,267] 36 root - INFO - Number of columns in the dataframe: 32
[2024-12-28 20:00:31,267] 41 root - ERROR - Schema and dataframe have different number of columns
[2024-12-28 20:00:31,268] 35 root - INFO - Number of columns in the schema: 31
[2024-12-28 20:00:31,268] 36 root - INFO - Number of columns in the dataframe: 32
[2024-12-28 20:00:31,268] 41 root - ERROR - Schema and dataframe have different number of columns
[2024-12-28 20:00:31,693] 80 root - INFO - Data validation report: {'_id': {'p_value': 0.7710771491561995, 'drift_status': False}, 'having_IP_Address': {'p_value': 0.13988881186843918, 'drift_status': False}, 'URL_Length': {'p_value': 0.999999999999956, 'drift_status': False}, 'Shortining_Service': {'p_value': 0.9999953843756324, 'drift_status': False}, 'having_At_Symbol': {'p_value': 1.0, 'drift_status': False}, 'double_slash_redirecting': {'p_value': 0.9999654772410788, 'drift_status': False}, 'Prefix_Suffix': {'p_value': 0.9999999947754254, 'drift_status': False}, 'having_Sub_Domain': {'p_value': 0.10439606295913109, 'drift_status': False}, 'SSLfinal_State': {'p_value': 0.903368877960458, 'drift_status': False}, 'Domain_registeration_length': {'p_value': 0.9999999999999952, 'drift_status': False}, 'Favicon': {'p_value': 1.0, 'drift_status': False}, 'port': {'p_value': 0.9999999999965016, 'drift_status': False}, 'HTTPS_token': {'p_value': 0.998821814236978, 'drift_status': False}, 'Request_URL': {'p_value': 0.9999971010402764, 'drift_status': False}, 'URL_of_Anchor': {'p_value': 0.9413205455808915, 'drift_status': False}, 'Links_in_tags': {'p_value': 0.4965219237945278, 'drift_status': False}, 'SFH': {'p_value': 1.0, 'drift_status': False}, 'Submitting_to_email': {'p_value': 0.7168453975391859, 'drift_status': False}, 'Abnormal_URL': {'p_value': 0.9982529381226167, 'drift_status': False}, 'Redirect': {'p_value': 0.48171578755143557, 'drift_status': False}, 'on_mouseover': {'p_value': 1.0, 'drift_status': False}, 'RightClick': {'p_value': 1.0, 'drift_status': False}, 'popUpWidnow': {'p_value': 1.0, 'drift_status': False}, 'Iframe': {'p_value': 1.0, 'drift_status': False}, 'age_of_domain': {'p_value': 0.9958579353974752, 'drift_status': False}, 'DNSRecord': {'p_value': 1.0, 'drift_status': False}, 'web_traffic': {'p_value': 0.9860900857001905, 'drift_status': False}, 'Page_Rank': {'p_value': 0.918796249345484, 'drift_status': False}, 'Google_Index': {'p_value': 1.0, 'drift_status': False}, 'Links_pointing_to_page': {'p_value': 0.9999999977781104, 'drift_status': False}, 'Statistical_report': {'p_value': 0.9999998099738984, 'drift_status': False}, 'Result': {'p_value': 1.0, 'drift_status': False}}
[2024-12-28 20:00:31,823] 27 root - INFO - >>>>>>>>>>>>>Data Validation Completed<<<<<<<<<<<<<<
