[2024-12-29 03:14:24,104] 15 root - INFO - >>>>>>>>>>>>>Data Ingestion Started<<<<<<<<<<<<<<
[2024-12-29 03:14:30,023] 37 root - INFO - Completed Exporting Collection as DataFrame
[2024-12-29 03:14:30,309] 50 root - INFO - Completed Exporting Data into Feature Store
[2024-12-29 03:14:30,323] 61 root - INFO - Completed Splitting Data into Train and Test Set
[2024-12-29 03:14:30,324] 62 root - INFO - Train Set Shape: (8844, 32)
[2024-12-29 03:14:30,324] 63 root - INFO - Test Set Shape: (2211, 32)
[2024-12-29 03:14:30,325] 67 root - INFO - Completed Creating Train and Test Directory
[2024-12-29 03:14:30,589] 70 root - INFO - Completed Exporting Train and Test Set
[2024-12-29 03:14:30,594] 20 root - INFO - >>>>>>>>>>>>>Data Ingestion Completed<<<<<<<<<<<<<<
[2024-12-29 03:14:30,594] 21 root - INFO - Train File Path: Artifacts\20241229031421\data_ingestion\ingested\train.csv
[2024-12-29 03:14:30,594] 22 root - INFO - Test File Path: Artifacts\20241229031421\data_ingestion\ingested\test.csv
[2024-12-29 03:14:30,596] 25 root - INFO - >>>>>>>>>>>>>Data Validation Started<<<<<<<<<<<<<<
[2024-12-29 03:14:30,761] 35 root - INFO - Number of columns in the schema: 2
[2024-12-29 03:14:30,762] 36 root - INFO - Number of columns in the dataframe: 32
[2024-12-29 03:14:30,768] 41 root - ERROR - Schema and dataframe have different number of columns
[2024-12-29 03:14:30,768] 35 root - INFO - Number of columns in the schema: 2
[2024-12-29 03:14:30,768] 36 root - INFO - Number of columns in the dataframe: 32
[2024-12-29 03:14:30,768] 41 root - ERROR - Schema and dataframe have different number of columns
[2024-12-29 03:14:31,043] 80 root - INFO - Data validation report: {'_id': {'p_value': 0.01563172234389828, 'drift_status': True}, 'having_IP_Address': {'p_value': 0.8558815726192632, 'drift_status': False}, 'URL_Length': {'p_value': 0.9999971010402764, 'drift_status': False}, 'Shortining_Service': {'p_value': 1.0, 'drift_status': False}, 'having_At_Symbol': {'p_value': 1.0, 'drift_status': False}, 'double_slash_redirecting': {'p_value': 1.0, 'drift_status': False}, 'Prefix_Suffix': {'p_value': 1.0, 'drift_status': False}, 'having_Sub_Domain': {'p_value': 0.999931781258988, 'drift_status': False}, 'SSLfinal_State': {'p_value': 0.9993864328065777, 'drift_status': False}, 'Domain_registeration_length': {'p_value': 0.7325666266216511, 'drift_status': False}, 'Favicon': {'p_value': 0.9999890535726116, 'drift_status': False}, 'port': {'p_value': 0.9563660841655501, 'drift_status': False}, 'HTTPS_token': {'p_value': 1.0, 'drift_status': False}, 'Request_URL': {'p_value': 1.0, 'drift_status': False}, 'URL_of_Anchor': {'p_value': 0.677053990189204, 'drift_status': False}, 'Links_in_tags': {'p_value': 0.9844261985874094, 'drift_status': False}, 'SFH': {'p_value': 0.9999999947754254, 'drift_status': False}, 'Submitting_to_email': {'p_value': 0.9999998996954222, 'drift_status': False}, 'Abnormal_URL': {'p_value': 1.0, 'drift_status': False}, 'Redirect': {'p_value': 1.0, 'drift_status': False}, 'on_mouseover': {'p_value': 0.8685540728180071, 'drift_status': False}, 'RightClick': {'p_value': 1.0, 'drift_status': False}, 'popUpWidnow': {'p_value': 0.9826271842488499, 'drift_status': False}, 'Iframe': {'p_value': 0.8558815726192632, 'drift_status': False}, 'age_of_domain': {'p_value': 0.7325666266216511, 'drift_status': False}, 'DNSRecord': {'p_value': 0.9687622789382879, 'drift_status': False}, 'web_traffic': {'p_value': 0.9993864328065777, 'drift_status': False}, 'Page_Rank': {'p_value': 1.0, 'drift_status': False}, 'Google_Index': {'p_value': 1.0, 'drift_status': False}, 'Links_pointing_to_page': {'p_value': 1.0, 'drift_status': False}, 'Statistical_report': {'p_value': 0.6850515434043538, 'drift_status': False}, 'Result': {'p_value': 1.0, 'drift_status': False}}
[2024-12-29 03:14:31,243] 29 root - INFO - >>>>>>>>>>>>>Data Validation Completed<<<<<<<<<<<<<<
[2024-12-29 03:14:31,244] 32 root - INFO - >>>>>>>>>>>>>Data Transformation Started<<<<<<<<<<<<<<
[2024-12-29 03:14:31,245] 48 root - INFO - Initiating data Reading
[2024-12-29 03:14:31,357] 51 root - INFO - Data read successfully
[2024-12-29 03:14:31,357] 52 root - INFO - Imputing missing values in train data
[2024-12-29 03:14:31,366] 58 root - INFO - Imputing missing values in test data
[2024-12-29 03:14:31,368] 63 root - INFO - Imputation complete
[2024-12-29 03:14:31,368] 65 root - INFO - Initiating data transformation pipeline
[2024-12-29 03:14:31,368] 34 root - INFO - Initiating KNNImputer with parameters{'missing_values': nan, 'n_neighbors': 3, 'weights': 'uniform'}
[2024-12-29 03:14:31,368] 38 root - INFO - KNNImputer initiated successfully
[2024-12-29 03:14:31,381] 68 root - INFO - Data transformation pipeline initiated successfully
[2024-12-29 03:14:31,397] 73 root - INFO - Converting transformed data to numpy array
[2024-12-29 03:14:31,399] 76 root - INFO - Train array shape: (8844, 31)
[2024-12-29 03:14:31,400] 77 root - INFO - Test array shape: (2211, 31)
[2024-12-29 03:14:31,400] 78 root - INFO - Data converted to numpy array
[2024-12-29 03:14:31,400] 29 root - INFO - Saving numpy array to file: Artifacts\20241229031421\data_transformation\transformed\trainnpy
[2024-12-29 03:14:31,447] 34 root - INFO - Complete saving numpy array to file: Artifacts\20241229031421\data_transformation\transformed\trainnpy
[2024-12-29 03:14:31,447] 29 root - INFO - Saving numpy array to file: Artifacts\20241229031421\data_transformation\transformed\testnpy
[2024-12-29 03:14:31,449] 34 root - INFO - Complete saving numpy array to file: Artifacts\20241229031421\data_transformation\transformed\testnpy
[2024-12-29 03:14:31,449] 40 root - INFO - Saving object to file: Artifacts\20241229031421\data_transformation\transformed_object\preprocessor.pkl
[2024-12-29 03:14:31,453] 44 root - INFO - Complete saving object to file: Artifacts\20241229031421\data_transformation\transformed_object\preprocessor.pkl
[2024-12-29 03:14:31,454] 84 root - INFO - Data transformation completed
[2024-12-29 03:14:31,455] 36 root - INFO - >>>>>>>>>>>>>Data Transformation Completed<<<<<<<<<<<<<<
[2024-12-29 03:14:31,456] 39 root - INFO - >>>>>>>>>>>>>Model Trainer Started<<<<<<<<<<<<<<
[2024-12-29 03:14:45,752] 52 root - INFO - Loading object from file: Artifacts\20241229031421\data_transformation\transformed_object\preprocessor.pkl
[2024-12-29 03:14:45,755] 75 root - ERROR - Error in train_model: NetworkModel() takes no arguments
[2024-12-29 03:14:45,755] 104 root - ERROR - Error in initiate_model_trainer: NetworkSecurityException.__init__() missing 1 required positional argument: 'error_details'
