[2024-12-29 04:35:02,697] 15 root - INFO - >>>>>>>>>>>>>Data Ingestion Started<<<<<<<<<<<<<<
[2024-12-29 04:35:07,946] 37 root - INFO - Completed Exporting Collection as DataFrame
[2024-12-29 04:35:08,192] 50 root - INFO - Completed Exporting Data into Feature Store
[2024-12-29 04:35:08,202] 61 root - INFO - Completed Splitting Data into Train and Test Set
[2024-12-29 04:35:08,202] 62 root - INFO - Train Set Shape: (8844, 32)
[2024-12-29 04:35:08,203] 63 root - INFO - Test Set Shape: (2211, 32)
[2024-12-29 04:35:08,204] 67 root - INFO - Completed Creating Train and Test Directory
[2024-12-29 04:35:08,473] 70 root - INFO - Completed Exporting Train and Test Set
[2024-12-29 04:35:08,483] 20 root - INFO - >>>>>>>>>>>>>Data Ingestion Completed<<<<<<<<<<<<<<
[2024-12-29 04:35:08,484] 21 root - INFO - Train File Path: Artifacts\20241229043500\data_ingestion\ingested\train.csv
[2024-12-29 04:35:08,485] 22 root - INFO - Test File Path: Artifacts\20241229043500\data_ingestion\ingested\test.csv
[2024-12-29 04:35:08,485] 25 root - INFO - >>>>>>>>>>>>>Data Validation Started<<<<<<<<<<<<<<
[2024-12-29 04:35:08,641] 35 root - INFO - Number of columns in the schema: 2
[2024-12-29 04:35:08,641] 36 root - INFO - Number of columns in the dataframe: 32
[2024-12-29 04:35:08,641] 41 root - ERROR - Schema and dataframe have different number of columns
[2024-12-29 04:35:08,641] 35 root - INFO - Number of columns in the schema: 2
[2024-12-29 04:35:08,641] 36 root - INFO - Number of columns in the dataframe: 32
[2024-12-29 04:35:08,641] 41 root - ERROR - Schema and dataframe have different number of columns
[2024-12-29 04:35:08,792] 80 root - INFO - Data validation report: {'_id': {'p_value': 0.30623269631807254, 'drift_status': False}, 'having_IP_Address': {'p_value': 1.0, 'drift_status': False}, 'URL_Length': {'p_value': 0.9860900857001905, 'drift_status': False}, 'Shortining_Service': {'p_value': 1.0, 'drift_status': False}, 'having_At_Symbol': {'p_value': 0.9995152509457711, 'drift_status': False}, 'double_slash_redirecting': {'p_value': 1.0, 'drift_status': False}, 'Prefix_Suffix': {'p_value': 0.9763752606358573, 'drift_status': False}, 'having_Sub_Domain': {'p_value': 0.9999989383967115, 'drift_status': False}, 'SSLfinal_State': {'p_value': 0.9999890535726116, 'drift_status': False}, 'Domain_registeration_length': {'p_value': 1.0, 'drift_status': False}, 'Favicon': {'p_value': 0.9999510909578456, 'drift_status': False}, 'port': {'p_value': 0.999931781258988, 'drift_status': False}, 'HTTPS_token': {'p_value': 0.9999953843756324, 'drift_status': False}, 'Request_URL': {'p_value': 1.0, 'drift_status': False}, 'URL_of_Anchor': {'p_value': 0.9999999999999952, 'drift_status': False}, 'Links_in_tags': {'p_value': 1.0, 'drift_status': False}, 'SFH': {'p_value': 0.9999760319468036, 'drift_status': False}, 'Submitting_to_email': {'p_value': 1.0, 'drift_status': False}, 'Abnormal_URL': {'p_value': 1.0, 'drift_status': False}, 'Redirect': {'p_value': 1.0, 'drift_status': False}, 'on_mouseover': {'p_value': 0.9999998099738984, 'drift_status': False}, 'RightClick': {'p_value': 1.0, 'drift_status': False}, 'popUpWidnow': {'p_value': 0.9999890535726116, 'drift_status': False}, 'Iframe': {'p_value': 1.0, 'drift_status': False}, 'age_of_domain': {'p_value': 1.0, 'drift_status': False}, 'DNSRecord': {'p_value': 0.9999890535726116, 'drift_status': False}, 'web_traffic': {'p_value': 0.999999999999956, 'drift_status': False}, 'Page_Rank': {'p_value': 0.9999996521355587, 'drift_status': False}, 'Google_Index': {'p_value': 0.9999836499887566, 'drift_status': False}, 'Links_pointing_to_page': {'p_value': 1.0, 'drift_status': False}, 'Statistical_report': {'p_value': 1.0, 'drift_status': False}, 'Result': {'p_value': 0.9999999999990964, 'drift_status': False}}
[2024-12-29 04:35:08,987] 29 root - INFO - >>>>>>>>>>>>>Data Validation Completed<<<<<<<<<<<<<<
[2024-12-29 04:35:08,988] 32 root - INFO - >>>>>>>>>>>>>Data Transformation Started<<<<<<<<<<<<<<
[2024-12-29 04:35:08,989] 48 root - INFO - Initiating data Reading
[2024-12-29 04:35:09,097] 51 root - INFO - Data read successfully
[2024-12-29 04:35:09,097] 52 root - INFO - Imputing missing values in train data
[2024-12-29 04:35:09,103] 58 root - INFO - Imputing missing values in test data
[2024-12-29 04:35:09,105] 63 root - INFO - Imputation complete
[2024-12-29 04:35:09,105] 65 root - INFO - Initiating data transformation pipeline
[2024-12-29 04:35:09,105] 34 root - INFO - Initiating KNNImputer with parameters{'missing_values': nan, 'n_neighbors': 3, 'weights': 'uniform'}
[2024-12-29 04:35:09,105] 38 root - INFO - KNNImputer initiated successfully
[2024-12-29 04:35:09,111] 68 root - INFO - Data transformation pipeline initiated successfully
[2024-12-29 04:35:09,122] 73 root - INFO - Converting transformed data to numpy array
[2024-12-29 04:35:09,124] 76 root - INFO - Train array shape: (8844, 31)
[2024-12-29 04:35:09,124] 77 root - INFO - Test array shape: (2211, 31)
[2024-12-29 04:35:09,124] 78 root - INFO - Data converted to numpy array
[2024-12-29 04:35:09,124] 29 root - INFO - Saving numpy array to file: Artifacts\20241229043500\data_transformation\transformed\trainnpy
[2024-12-29 04:35:09,129] 34 root - INFO - Complete saving numpy array to file: Artifacts\20241229043500\data_transformation\transformed\trainnpy
[2024-12-29 04:35:09,129] 29 root - INFO - Saving numpy array to file: Artifacts\20241229043500\data_transformation\transformed\testnpy
[2024-12-29 04:35:09,133] 34 root - INFO - Complete saving numpy array to file: Artifacts\20241229043500\data_transformation\transformed\testnpy
[2024-12-29 04:35:09,133] 40 root - INFO - Saving object to file: Artifacts\20241229043500\data_transformation\transformed_object\preprocessor.pkl
[2024-12-29 04:35:09,138] 44 root - INFO - Complete saving object to file: Artifacts\20241229043500\data_transformation\transformed_object\preprocessor.pkl
[2024-12-29 04:35:09,138] 84 root - INFO - Data transformation completed
[2024-12-29 04:35:09,140] 36 root - INFO - >>>>>>>>>>>>>Data Transformation Completed<<<<<<<<<<<<<<
[2024-12-29 04:35:09,238] 39 root - INFO - >>>>>>>>>>>>>Model Trainer Started<<<<<<<<<<<<<<
[2024-12-29 04:35:09,238] 124 root - INFO - Initiating Model Trainer
[2024-12-29 04:35:09,238] 126 root - INFO - Train File Path: Artifacts\20241229043500\data_transformation\transformed\trainnpy
[2024-12-29 04:35:09,239] 128 root - INFO - Test File Path: Artifacts\20241229043500\data_transformation\transformed\testnpy
[2024-12-29 04:35:09,347] 32 root - INFO - Choosing Model and Training the Model
[2024-12-29 04:35:09,347] 43 root - INFO - Hyperparameter Tuning
[2024-12-29 04:40:31,158] 82 root - INFO - Hyperparameter Tuning Completed
[2024-12-29 04:40:31,158] 83 root - INFO - Model Report: {'Logistic Regression': 0.7108904565331815, 'Random Forest': 0.8774029151121718, 'Ada Boost': 0.7273587216673674, 'Bagging': 0.8700836861636448, 'Decision Tree': 0.8316577341838778, 'Support Vector Machine': 0.7932317822041108}
[2024-12-29 04:40:31,158] 85 root - INFO - Best Model Score: 0.8774029151121718
[2024-12-29 04:40:31,158] 89 root - INFO - Best Model Name: Random Forest
[2024-12-29 04:40:31,338] 95 root - INFO - Classification Train Metric: ClassificationMetricArtifact(accuracy_score=0.9908412483039348, precision_score=0.98970736629667, recall_score=0.9939197405755978, f1_score=0.9918090807968449)
[2024-12-29 04:40:31,442] 99 root - INFO - Classification Test Metric: ClassificationMetricArtifact(accuracy_score=0.9696969696969697, precision_score=0.9691558441558441, recall_score=0.9762878168438267, f1_score=0.9727087576374746)
[2024-12-29 04:40:31,443] 52 root - INFO - Loading object from file: Artifacts\20241229043500\data_transformation\transformed_object\preprocessor.pkl
[2024-12-29 04:40:31,446] 104 root - INFO - Saving the Trained Model: Artifacts\20241229043500\model_trainer\trained_model\model.pkl
[2024-12-29 04:40:31,447] 107 root - INFO - Network Model: <networksecurity.utils.ml_utils.model.estimator.NetworkModel object at 0x00000219C0C043D0>
[2024-12-29 04:40:31,448] 40 root - INFO - Saving object to file: Artifacts\20241229043500\model_trainer\trained_model\model.pkl
[2024-12-29 04:40:31,497] 44 root - INFO - Complete saving object to file: Artifacts\20241229043500\model_trainer\trained_model\model.pkl
[2024-12-29 04:40:31,497] 115 root - INFO - Model Trainer Artifact: ModelTrainerArtifact(trained_model_file_path='Artifacts\\20241229043500\\model_trainer\\trained_model\\model.pkl', train_metric_artifact=ClassificationMetricArtifact(accuracy_score=0.9908412483039348, precision_score=0.98970736629667, recall_score=0.9939197405755978, f1_score=0.9918090807968449), test_metric_artifact=ClassificationMetricArtifact(accuracy_score=0.9696969696969697, precision_score=0.9691558441558441, recall_score=0.9762878168438267, f1_score=0.9727087576374746))
[2024-12-29 04:40:31,505] 43 root - INFO - >>>>>>>>>>>>>Model Trainer Completed<<<<<<<<<<<<<<
