[2024-12-29 04:33:39,827] 15 root - INFO - >>>>>>>>>>>>>Data Ingestion Started<<<<<<<<<<<<<<
[2024-12-29 04:33:44,809] 37 root - INFO - Completed Exporting Collection as DataFrame
[2024-12-29 04:33:45,051] 50 root - INFO - Completed Exporting Data into Feature Store
[2024-12-29 04:33:45,058] 61 root - INFO - Completed Splitting Data into Train and Test Set
[2024-12-29 04:33:45,059] 62 root - INFO - Train Set Shape: (8844, 32)
[2024-12-29 04:33:45,059] 63 root - INFO - Test Set Shape: (2211, 32)
[2024-12-29 04:33:45,060] 67 root - INFO - Completed Creating Train and Test Directory
[2024-12-29 04:33:45,347] 70 root - INFO - Completed Exporting Train and Test Set
[2024-12-29 04:33:45,353] 20 root - INFO - >>>>>>>>>>>>>Data Ingestion Completed<<<<<<<<<<<<<<
[2024-12-29 04:33:45,353] 21 root - INFO - Train File Path: Artifacts\20241229043337\data_ingestion\ingested\train.csv
[2024-12-29 04:33:45,353] 22 root - INFO - Test File Path: Artifacts\20241229043337\data_ingestion\ingested\test.csv
[2024-12-29 04:33:45,354] 25 root - INFO - >>>>>>>>>>>>>Data Validation Started<<<<<<<<<<<<<<
[2024-12-29 04:33:45,546] 35 root - INFO - Number of columns in the schema: 2
[2024-12-29 04:33:45,546] 36 root - INFO - Number of columns in the dataframe: 32
[2024-12-29 04:33:45,546] 41 root - ERROR - Schema and dataframe have different number of columns
[2024-12-29 04:33:45,546] 35 root - INFO - Number of columns in the schema: 2
[2024-12-29 04:33:45,547] 36 root - INFO - Number of columns in the dataframe: 32
[2024-12-29 04:33:45,547] 41 root - ERROR - Schema and dataframe have different number of columns
[2024-12-29 04:33:45,926] 80 root - INFO - Data validation report: {'_id': {'p_value': 0.2638800161115237, 'drift_status': False}, 'having_IP_Address': {'p_value': 0.46712546521502574, 'drift_status': False}, 'URL_Length': {'p_value': 1.0, 'drift_status': False}, 'Shortining_Service': {'p_value': 0.9999062353866229, 'drift_status': False}, 'having_At_Symbol': {'p_value': 0.9236254567999284, 'drift_status': False}, 'double_slash_redirecting': {'p_value': 0.8747000547537782, 'drift_status': False}, 'Prefix_Suffix': {'p_value': 1.0, 'drift_status': False}, 'having_Sub_Domain': {'p_value': 0.9628916164648135, 'drift_status': False}, 'SSLfinal_State': {'p_value': 0.9903208205295254, 'drift_status': False}, 'Domain_registeration_length': {'p_value': 0.9999999999997877, 'drift_status': False}, 'Favicon': {'p_value': 0.9999510909578456, 'drift_status': False}, 'port': {'p_value': 1.0, 'drift_status': False}, 'HTTPS_token': {'p_value': 0.9739932435377546, 'drift_status': False}, 'Request_URL': {'p_value': 1.0, 'drift_status': False}, 'URL_of_Anchor': {'p_value': 0.9998299425911609, 'drift_status': False}, 'Links_in_tags': {'p_value': 0.7325666266216511, 'drift_status': False}, 'SFH': {'p_value': 0.9958579353974752, 'drift_status': False}, 'Submitting_to_email': {'p_value': 0.9999999883158472, 'drift_status': False}, 'Abnormal_URL': {'p_value': 0.9999999999876384, 'drift_status': False}, 'Redirect': {'p_value': 1.0, 'drift_status': False}, 'on_mouseover': {'p_value': 0.9995152509457711, 'drift_status': False}, 'RightClick': {'p_value': 1.0, 'drift_status': False}, 'popUpWidnow': {'p_value': 0.9890321623362285, 'drift_status': False}, 'Iframe': {'p_value': 1.0, 'drift_status': False}, 'age_of_domain': {'p_value': 0.48171578755143557, 'drift_status': False}, 'DNSRecord': {'p_value': 1.0, 'drift_status': False}, 'web_traffic': {'p_value': 0.11442114618119986, 'drift_status': False}, 'Page_Rank': {'p_value': 0.8747000547537782, 'drift_status': False}, 'Google_Index': {'p_value': 0.9999062353866229, 'drift_status': False}, 'Links_pointing_to_page': {'p_value': 1.0, 'drift_status': False}, 'Statistical_report': {'p_value': 0.9628916164648135, 'drift_status': False}, 'Result': {'p_value': 0.9999928159851212, 'drift_status': False}}
[2024-12-29 04:33:46,040] 29 root - INFO - >>>>>>>>>>>>>Data Validation Completed<<<<<<<<<<<<<<
[2024-12-29 04:33:46,041] 32 root - INFO - >>>>>>>>>>>>>Data Transformation Started<<<<<<<<<<<<<<
[2024-12-29 04:33:46,042] 48 root - INFO - Initiating data Reading
[2024-12-29 04:33:46,134] 51 root - INFO - Data read successfully
[2024-12-29 04:33:46,134] 52 root - INFO - Imputing missing values in train data
[2024-12-29 04:33:46,138] 58 root - INFO - Imputing missing values in test data
[2024-12-29 04:33:46,142] 63 root - INFO - Imputation complete
[2024-12-29 04:33:46,142] 65 root - INFO - Initiating data transformation pipeline
[2024-12-29 04:33:46,142] 34 root - INFO - Initiating KNNImputer with parameters{'missing_values': nan, 'n_neighbors': 3, 'weights': 'uniform'}
[2024-12-29 04:33:46,143] 38 root - INFO - KNNImputer initiated successfully
[2024-12-29 04:33:46,148] 68 root - INFO - Data transformation pipeline initiated successfully
[2024-12-29 04:33:46,155] 73 root - INFO - Converting transformed data to numpy array
[2024-12-29 04:33:46,158] 76 root - INFO - Train array shape: (8844, 31)
[2024-12-29 04:33:46,158] 77 root - INFO - Test array shape: (2211, 31)
[2024-12-29 04:33:46,158] 78 root - INFO - Data converted to numpy array
[2024-12-29 04:33:46,158] 29 root - INFO - Saving numpy array to file: Artifacts\20241229043337\data_transformation\transformed\trainnpy
[2024-12-29 04:33:46,163] 34 root - INFO - Complete saving numpy array to file: Artifacts\20241229043337\data_transformation\transformed\trainnpy
[2024-12-29 04:33:46,163] 29 root - INFO - Saving numpy array to file: Artifacts\20241229043337\data_transformation\transformed\testnpy
[2024-12-29 04:33:46,166] 34 root - INFO - Complete saving numpy array to file: Artifacts\20241229043337\data_transformation\transformed\testnpy
[2024-12-29 04:33:46,166] 40 root - INFO - Saving object to file: Artifacts\20241229043337\data_transformation\transformed_object\preprocessor.pkl
[2024-12-29 04:33:46,171] 44 root - INFO - Complete saving object to file: Artifacts\20241229043337\data_transformation\transformed_object\preprocessor.pkl
[2024-12-29 04:33:46,171] 84 root - INFO - Data transformation completed
[2024-12-29 04:33:46,173] 36 root - INFO - >>>>>>>>>>>>>Data Transformation Completed<<<<<<<<<<<<<<
[2024-12-29 04:33:46,175] 39 root - INFO - >>>>>>>>>>>>>Model Trainer Started<<<<<<<<<<<<<<
[2024-12-29 04:33:46,175] 129 root - INFO - Initiating Model Trainer
[2024-12-29 04:33:46,175] 131 root - INFO - Train File Path: Artifacts\20241229043337\data_transformation\transformed\trainnpy
[2024-12-29 04:33:46,175] 133 root - INFO - Test File Path: Artifacts\20241229043337\data_transformation\transformed\testnpy
[2024-12-29 04:33:46,210] 32 root - INFO - Choosing Model and Training the Model
[2024-12-29 04:33:46,211] 46 root - INFO - Hyperparameter Tuning
[2024-12-29 04:33:59,257] 87 root - INFO - Hyperparameter Tuning Completed
[2024-12-29 04:33:59,257] 88 root - INFO - Model Report: {'Logistic Regression': 0.6909988687184101}
[2024-12-29 04:33:59,257] 90 root - INFO - Best Model Score: 0.6909988687184101
[2024-12-29 04:33:59,257] 94 root - INFO - Best Model Name: Logistic Regression
[2024-12-29 04:33:59,290] 100 root - INFO - Classification Train Metric: ClassificationMetricArtifact(accuracy_score=0.9305744007236545, precision_score=0.9299920445505171, recall_score=0.9469420818144998, f1_score=0.9383905277945013)
[2024-12-29 04:33:59,315] 104 root - INFO - Classification Test Metric: ClassificationMetricArtifact(accuracy_score=0.9235639981908639, precision_score=0.9146919431279621, recall_score=0.9499589827727646, f1_score=0.9319919517102616)
[2024-12-29 04:33:59,316] 52 root - INFO - Loading object from file: Artifacts\20241229043337\data_transformation\transformed_object\preprocessor.pkl
[2024-12-29 04:33:59,321] 109 root - INFO - Saving the Trained Model: Artifacts\20241229043337\model_trainer\trained_model\model.pkl
[2024-12-29 04:33:59,322] 112 root - INFO - Network Model: <networksecurity.utils.ml_utils.model.estimator.NetworkModel object at 0x000002B2CE915000>
[2024-12-29 04:33:59,322] 40 root - INFO - Saving object to file: Artifacts\20241229043337\model_trainer\trained_model\model.pkl
[2024-12-29 04:33:59,328] 44 root - INFO - Complete saving object to file: Artifacts\20241229043337\model_trainer\trained_model\model.pkl
[2024-12-29 04:33:59,329] 120 root - INFO - Model Trainer Artifact: ModelTrainerArtifact(trained_model_file_path='Artifacts\\20241229043337\\model_trainer\\trained_model\\model.pkl', train_metric_artifact=ClassificationMetricArtifact(accuracy_score=0.9305744007236545, precision_score=0.9299920445505171, recall_score=0.9469420818144998, f1_score=0.9383905277945013), test_metric_artifact=ClassificationMetricArtifact(accuracy_score=0.9235639981908639, precision_score=0.9146919431279621, recall_score=0.9499589827727646, f1_score=0.9319919517102616))
[2024-12-29 04:33:59,330] 43 root - INFO - >>>>>>>>>>>>>Model Trainer Completed<<<<<<<<<<<<<<
