[2024-12-28 23:33:19,425] 14 root - INFO - >>>>>>>>>>>>>Data Ingestion Started<<<<<<<<<<<<<<
[2024-12-28 23:33:25,322] 37 root - INFO - Completed Exporting Collection as DataFrame
[2024-12-28 23:33:25,616] 50 root - INFO - Completed Exporting Data into Feature Store
[2024-12-28 23:33:25,624] 61 root - INFO - Completed Splitting Data into Train and Test Set
[2024-12-28 23:33:25,625] 62 root - INFO - Train Set Shape: (8844, 32)
[2024-12-28 23:33:25,625] 63 root - INFO - Test Set Shape: (2211, 32)
[2024-12-28 23:33:25,626] 67 root - INFO - Completed Creating Train and Test Directory
[2024-12-28 23:33:25,914] 70 root - INFO - Completed Exporting Train and Test Set
[2024-12-28 23:33:25,920] 19 root - INFO - >>>>>>>>>>>>>Data Ingestion Completed<<<<<<<<<<<<<<
[2024-12-28 23:33:25,920] 20 root - INFO - Train File Path: Artifacts\20241228233317\data_ingestion\ingested\train.csv
[2024-12-28 23:33:25,920] 21 root - INFO - Test File Path: Artifacts\20241228233317\data_ingestion\ingested\test.csv
[2024-12-28 23:33:25,921] 24 root - INFO - >>>>>>>>>>>>>Data Validation Started<<<<<<<<<<<<<<
[2024-12-28 23:33:26,078] 35 root - INFO - Number of columns in the schema: 2
[2024-12-28 23:33:26,078] 36 root - INFO - Number of columns in the dataframe: 32
[2024-12-28 23:33:26,078] 41 root - ERROR - Schema and dataframe have different number of columns
[2024-12-28 23:33:26,078] 35 root - INFO - Number of columns in the schema: 2
[2024-12-28 23:33:26,078] 36 root - INFO - Number of columns in the dataframe: 32
[2024-12-28 23:33:26,078] 41 root - ERROR - Schema and dataframe have different number of columns
[2024-12-28 23:33:26,423] 80 root - INFO - Data validation report: {'_id': {'p_value': 0.6930334890847099, 'drift_status': False}, 'having_IP_Address': {'p_value': 0.9999999489728584, 'drift_status': False}, 'URL_Length': {'p_value': 0.6850515434043538, 'drift_status': False}, 'Shortining_Service': {'p_value': 1.0, 'drift_status': False}, 'having_At_Symbol': {'p_value': 0.9999998099738984, 'drift_status': False}, 'double_slash_redirecting': {'p_value': 1.0, 'drift_status': False}, 'Prefix_Suffix': {'p_value': 0.9999998099738984, 'drift_status': False}, 'having_Sub_Domain': {'p_value': 0.9628916164648135, 'drift_status': False}, 'SSLfinal_State': {'p_value': 0.677053990189204, 'drift_status': False}, 'Domain_registeration_length': {'p_value': 0.7325666266216511, 'drift_status': False}, 'Favicon': {'p_value': 0.9999999991050752, 'drift_status': False}, 'port': {'p_value': 1.0, 'drift_status': False}, 'HTTPS_token': {'p_value': 0.9970105474352128, 'drift_status': False}, 'Request_URL': {'p_value': 0.3846599802742159, 'drift_status': False}, 'URL_of_Anchor': {'p_value': 0.999931781258988, 'drift_status': False}, 'Links_in_tags': {'p_value': 0.9998299425911609, 'drift_status': False}, 'SFH': {'p_value': 0.5654537636267017, 'drift_status': False}, 'Submitting_to_email': {'p_value': 1.0, 'drift_status': False}, 'Abnormal_URL': {'p_value': 1.0, 'drift_status': False}, 'Redirect': {'p_value': 0.9844261985874094, 'drift_status': False}, 'on_mouseover': {'p_value': 1.0, 'drift_status': False}, 'RightClick': {'p_value': 1.0, 'drift_status': False}, 'popUpWidnow': {'p_value': 0.9997752665277037, 'drift_status': False}, 'Iframe': {'p_value': 0.9999999991050752, 'drift_status': False}, 'age_of_domain': {'p_value': 0.918796249345484, 'drift_status': False}, 'DNSRecord': {'p_value': 0.7860683696901033, 'drift_status': False}, 'web_traffic': {'p_value': 0.9763752606358573, 'drift_status': False}, 'Page_Rank': {'p_value': 0.7325666266216511, 'drift_status': False}, 'Google_Index': {'p_value': 0.9970105474352128, 'drift_status': False}, 'Links_pointing_to_page': {'p_value': 1.0, 'drift_status': False}, 'Statistical_report': {'p_value': 0.9999971010402764, 'drift_status': False}, 'Result': {'p_value': 0.2844938773108278, 'drift_status': False}}
[2024-12-28 23:33:26,581] 28 root - INFO - >>>>>>>>>>>>>Data Validation Completed<<<<<<<<<<<<<<
[2024-12-28 23:33:26,582] 31 root - INFO - >>>>>>>>>>>>>Data Transformation Started<<<<<<<<<<<<<<
[2024-12-28 23:33:26,584] 48 root - INFO - Initiating data Reading
[2024-12-28 23:33:26,671] 51 root - INFO - Data read successfully
[2024-12-28 23:33:26,671] 52 root - INFO - Imputing missing values in train data
[2024-12-28 23:33:26,675] 57 root - INFO - Imputing missing values in test data
[2024-12-28 23:33:26,677] 61 root - INFO - Imputation complete
[2024-12-28 23:33:26,677] 63 root - INFO - Initiating data transformation pipeline
[2024-12-28 23:33:26,677] 34 root - INFO - Initiating KNNImputer with parameters{'missing_values': nan, 'n_neighbors': 3, 'weights': 'uniform'}
[2024-12-28 23:33:26,677] 38 root - INFO - KNNImputer initiated successfully
