[2024-12-29 19:26:08,059] 1025 httpx - INFO - HTTP Request: GET https://dagshub.com/api/v1/user "HTTP/1.1 200 OK"
[2024-12-29 19:26:08,066] 107 dagshub - INFO - Accessing as ArpitKadam
[2024-12-29 19:26:08,693] 1025 httpx - INFO - HTTP Request: GET https://dagshub.com/api/v1/repos/ArpitKadam/Network_Security "HTTP/1.1 200 OK"
[2024-12-29 19:26:09,225] 1025 httpx - INFO - HTTP Request: GET https://dagshub.com/api/v1/user "HTTP/1.1 200 OK"
[2024-12-29 19:26:09,252] 107 dagshub - INFO - Initialized MLflow to track repo "ArpitKadam/Network_Security"
[2024-12-29 19:26:09,255] 107 dagshub - INFO - Repository ArpitKadam/Network_Security initialized!
[2024-12-29 19:26:17,715] 22 root - INFO - >>>>>>>>>>>>Data Ingestion Started<<<<<<<<<<<<<<
[2024-12-29 19:26:22,309] 37 root - INFO - Completed Exporting Collection as DataFrame
[2024-12-29 19:26:22,452] 50 root - INFO - Completed Exporting Data into Feature Store
[2024-12-29 19:26:22,459] 61 root - INFO - Completed Splitting Data into Train and Test Set
[2024-12-29 19:26:22,459] 62 root - INFO - Train Set Shape: (8844, 32)
[2024-12-29 19:26:22,459] 63 root - INFO - Test Set Shape: (2211, 32)
[2024-12-29 19:26:22,459] 67 root - INFO - Completed Creating Train and Test Directory
[2024-12-29 19:26:22,629] 70 root - INFO - Completed Exporting Train and Test Set
[2024-12-29 19:26:22,640] 24 root - INFO - >>>>>>>>>>>>Completed Data Ingestion<<<<<<<<<<<<<<
[2024-12-29 19:26:22,640] 25 root - INFO - Data Ingestion completed: DataIngestionArtifact(trained_file_path='Artifacts\\2024-12-29-19-26-01\\data_ingestion\\ingested\\train.csv', test_file_path='Artifacts\\2024-12-29-19-26-01\\data_ingestion\\ingested\\test.csv')
[2024-12-29 19:26:22,649] 34 root - INFO - >>>>>>>>>>>>>>Data Validation started<<<<<<<<<<<<<<
[2024-12-29 19:26:22,736] 35 root - INFO - Number of columns in the schema: 2
[2024-12-29 19:26:22,737] 36 root - INFO - Number of columns in the dataframe: 32
[2024-12-29 19:26:22,737] 41 root - ERROR - Schema and dataframe have different number of columns
[2024-12-29 19:26:22,737] 35 root - INFO - Number of columns in the schema: 2
[2024-12-29 19:26:22,737] 36 root - INFO - Number of columns in the dataframe: 32
[2024-12-29 19:26:22,737] 41 root - ERROR - Schema and dataframe have different number of columns
[2024-12-29 19:26:23,013] 80 root - INFO - Data validation report: {'_id': {'p_value': 0.3655168143255268, 'drift_status': False}, 'having_IP_Address': {'p_value': 0.8865910920599936, 'drift_status': False}, 'URL_Length': {'p_value': 0.9998728965778992, 'drift_status': False}, 'Shortining_Service': {'p_value': 0.9999953843756324, 'drift_status': False}, 'having_At_Symbol': {'p_value': 0.8979221700912247, 'drift_status': False}, 'double_slash_redirecting': {'p_value': 1.0, 'drift_status': False}, 'Prefix_Suffix': {'p_value': 1.0, 'drift_status': False}, 'having_Sub_Domain': {'p_value': 0.9999998099738984, 'drift_status': False}, 'SSLfinal_State': {'p_value': 0.9999999991050752, 'drift_status': False}, 'Domain_registeration_length': {'p_value': 0.9999062353866229, 'drift_status': False}, 'Favicon': {'p_value': 0.9528546927737338, 'drift_status': False}, 'port': {'p_value': 0.971456534142284, 'drift_status': False}, 'HTTPS_token': {'p_value': 1.0, 'drift_status': False}, 'Request_URL': {'p_value': 0.9236254567999284, 'drift_status': False}, 'URL_of_Anchor': {'p_value': 0.9999998996954222, 'drift_status': False}, 'Links_in_tags': {'p_value': 0.9999971010402764, 'drift_status': False}, 'SFH': {'p_value': 0.9236254567999284, 'drift_status': False}, 'Submitting_to_email': {'p_value': 0.9999999999997877, 'drift_status': False}, 'Abnormal_URL': {'p_value': 0.9739932435377546, 'drift_status': False}, 'Redirect': {'p_value': 1.0, 'drift_status': False}, 'on_mouseover': {'p_value': 0.9995152509457711, 'drift_status': False}, 'RightClick': {'p_value': 1.0, 'drift_status': False}, 'popUpWidnow': {'p_value': 0.8558815726192632, 'drift_status': False}, 'Iframe': {'p_value': 0.8558815726192632, 'drift_status': False}, 'age_of_domain': {'p_value': 1.0, 'drift_status': False}, 'DNSRecord': {'p_value': 1.0, 'drift_status': False}, 'web_traffic': {'p_value': 0.9844261985874094, 'drift_status': False}, 'Page_Rank': {'p_value': 0.9999953843756324, 'drift_status': False}, 'Google_Index': {'p_value': 1.0, 'drift_status': False}, 'Links_pointing_to_page': {'p_value': 1.0, 'drift_status': False}, 'Statistical_report': {'p_value': 1.0, 'drift_status': False}, 'Result': {'p_value': 1.0, 'drift_status': False}}
[2024-12-29 19:26:23,155] 36 root - INFO - >>>>>>>>>>>>>>Data Validation completed<<<<<<<<<<<<<<
[2024-12-29 19:26:23,155] 37 root - INFO - Data Validation completed: DataValidationArtifact(validation_status=True, valid_train_file_path='Artifacts\\2024-12-29-19-26-01\\data_validation\\validated\\train.csv', valid_test_file_path='Artifacts\\2024-12-29-19-26-01\\data_validation\\validated\\test.csv', invalid_train_file_path=None, invalid_test_file_path=None, drift_report_file_path='Artifacts\\2024-12-29-19-26-01\\data_validation\\drift_report\\report.yaml')
[2024-12-29 19:26:23,156] 46 root - INFO - >>>>>>>>>>>>>Data Transformation Started<<<<<<<<<<<<<<
[2024-12-29 19:26:23,156] 48 root - INFO - Initiating data Reading
[2024-12-29 19:26:23,250] 51 root - INFO - Data read successfully
[2024-12-29 19:26:23,250] 52 root - INFO - Imputing missing values in train data
[2024-12-29 19:26:23,255] 58 root - INFO - Imputing missing values in test data
[2024-12-29 19:26:23,256] 63 root - INFO - Imputation complete
[2024-12-29 19:26:23,257] 65 root - INFO - Initiating data transformation pipeline
[2024-12-29 19:26:23,257] 34 root - INFO - Initiating KNNImputer with parameters{'missing_values': nan, 'n_neighbors': 3, 'weights': 'uniform'}
[2024-12-29 19:26:23,257] 38 root - INFO - KNNImputer initiated successfully
[2024-12-29 19:26:23,263] 68 root - INFO - Data transformation pipeline initiated successfully
[2024-12-29 19:26:23,273] 73 root - INFO - Converting transformed data to numpy array
[2024-12-29 19:26:23,274] 76 root - INFO - Train array shape: (8844, 31)
[2024-12-29 19:26:23,274] 77 root - INFO - Test array shape: (2211, 31)
[2024-12-29 19:26:23,274] 78 root - INFO - Data converted to numpy array
[2024-12-29 19:26:23,274] 29 root - INFO - Saving numpy array to file: Artifacts\2024-12-29-19-26-01\data_transformation\transformed\trainnpy
[2024-12-29 19:26:23,320] 34 root - INFO - Complete saving numpy array to file: Artifacts\2024-12-29-19-26-01\data_transformation\transformed\trainnpy
[2024-12-29 19:26:23,320] 29 root - INFO - Saving numpy array to file: Artifacts\2024-12-29-19-26-01\data_transformation\transformed\testnpy
[2024-12-29 19:26:23,322] 34 root - INFO - Complete saving numpy array to file: Artifacts\2024-12-29-19-26-01\data_transformation\transformed\testnpy
[2024-12-29 19:26:23,322] 40 root - INFO - Saving object to file: Artifacts\2024-12-29-19-26-01\data_transformation\transformed_object\preprocessor.pkl
[2024-12-29 19:26:23,326] 44 root - INFO - Complete saving object to file: Artifacts\2024-12-29-19-26-01\data_transformation\transformed_object\preprocessor.pkl
[2024-12-29 19:26:23,326] 40 root - INFO - Saving object to file: final_models/preprocessor.pkl
[2024-12-29 19:26:23,332] 44 root - INFO - Complete saving object to file: final_models/preprocessor.pkl
[2024-12-29 19:26:23,333] 86 root - INFO - Data transformation completed
[2024-12-29 19:26:23,335] 48 root - INFO - >>>>>>>>>>>>>Data Transformation completed<<<<<<<<<<<<<<
[2024-12-29 19:26:23,335] 49 root - INFO - Data Transformation completed: DataTransformationArtifact(transformed_train_file_path='Artifacts\\2024-12-29-19-26-01\\data_transformation\\transformed\\trainnpy', transformed_test_file_path='Artifacts\\2024-12-29-19-26-01\\data_transformation\\transformed\\testnpy', transformed_object_file_path='Artifacts\\2024-12-29-19-26-01\\data_transformation\\transformed_object\\preprocessor.pkl')
[2024-12-29 19:26:23,335] 58 root - INFO - >>>>>>>>>>>>Model Trainer started<<<<<<<<<<<<<<
[2024-12-29 19:26:23,335] 165 root - INFO - Initiating Model Trainer
[2024-12-29 19:26:23,335] 167 root - INFO - Train File Path: Artifacts\2024-12-29-19-26-01\data_transformation\transformed\trainnpy
[2024-12-29 19:26:23,336] 169 root - INFO - Test File Path: Artifacts\2024-12-29-19-26-01\data_transformation\transformed\testnpy
[2024-12-29 19:26:23,364] 51 root - INFO - Choosing Model and Training the Model
[2024-12-29 19:26:23,365] 63 root - INFO - Hyperparameter Tuning
[2024-12-29 19:30:14,277] 110 root - INFO - Hyperparameter Tuning Completed
[2024-12-29 19:30:14,277] 111 root - INFO - Model Report: {'Logistic Regression': 0.7082823002240479, 'Random Forest': 0.8844137415982076, 'Ada Boost': 0.7523151605675877, 'Bagging': 0.877074931540951, 'Decision Tree': 0.8568932038834952, 'Support Vector Machine': 0.7669927806821011, 'Extra Tree': 0.8587279063978093}
[2024-12-29 19:30:14,277] 113 root - INFO - Best Model Score: 0.8844137415982076
[2024-12-29 19:30:14,278] 117 root - INFO - Best Model Name: Random Forest
[2024-12-29 19:30:14,469] 123 root - INFO - Classification Train Metric: ClassificationMetricArtifact(accuracy_score=0.9905020352781547, precision_score=0.9896740230815955, recall_score=0.9932940459256249, f1_score=0.9914807302231238)
[2024-12-29 19:30:14,592] 127 root - INFO - Classification Test Metric: ClassificationMetricArtifact(accuracy_score=0.9715061058344641, precision_score=0.9718423169750603, recall_score=0.9773462783171522, f1_score=0.9745865268253328)
[2024-12-29 19:30:14,592] 130 root - INFO - Tracking with MLFlow
[2024-12-29 19:30:14,592] 132 root - INFO - Tracking Trained Model with MLFlow
[2024-12-29 19:31:05,813] 135 root - INFO - Tracking Test Model with MLFlow
[2024-12-29 19:31:54,698] 138 root - INFO - Completed Tracking Model with MLFlow
[2024-12-29 19:31:54,699] 52 root - INFO - Loading object from file: Artifacts\2024-12-29-19-26-01\data_transformation\transformed_object\preprocessor.pkl
[2024-12-29 19:31:54,703] 143 root - INFO - Saving the Trained Model: Artifacts\2024-12-29-19-26-01\model_trainer\trained_model\model.pkl
[2024-12-29 19:31:54,704] 40 root - INFO - Saving object to file: final_models/model.pkl
[2024-12-29 19:31:54,804] 44 root - INFO - Complete saving object to file: final_models/model.pkl
[2024-12-29 19:31:54,804] 148 root - INFO - Network Model: <networksecurity.utils.ml_utils.model.estimator.NetworkModel object at 0x00000220DF93DEA0>
[2024-12-29 19:31:54,805] 40 root - INFO - Saving object to file: Artifacts\2024-12-29-19-26-01\model_trainer\trained_model\model.pkl
[2024-12-29 19:31:54,890] 44 root - INFO - Complete saving object to file: Artifacts\2024-12-29-19-26-01\model_trainer\trained_model\model.pkl
[2024-12-29 19:31:54,890] 156 root - INFO - Model Trainer Artifact: ModelTrainerArtifact(trained_model_file_path='Artifacts\\2024-12-29-19-26-01\\model_trainer\\trained_model\\model.pkl', train_metric_artifact=ClassificationMetricArtifact(accuracy_score=0.9905020352781547, precision_score=0.9896740230815955, recall_score=0.9932940459256249, f1_score=0.9914807302231238), test_metric_artifact=ClassificationMetricArtifact(accuracy_score=0.9715061058344641, precision_score=0.9718423169750603, recall_score=0.9773462783171522, f1_score=0.9745865268253328))
[2024-12-29 19:31:54,899] 60 root - INFO - >>>>>>>>>>>>>Model Trainer completed <<<<<<<<<<<<<<
[2024-12-29 19:31:54,900] 61 root - INFO - Model Trainer completed: ModelTrainerArtifact(trained_model_file_path='Artifacts\\2024-12-29-19-26-01\\model_trainer\\trained_model\\model.pkl', train_metric_artifact=ClassificationMetricArtifact(accuracy_score=0.9905020352781547, precision_score=0.9896740230815955, recall_score=0.9932940459256249, f1_score=0.9914807302231238), test_metric_artifact=ClassificationMetricArtifact(accuracy_score=0.9715061058344641, precision_score=0.9718423169750603, recall_score=0.9773462783171522, f1_score=0.9745865268253328))
[2024-12-29 19:31:54,900] 69 root - INFO - Syncing artifact to S3
[2024-12-29 19:32:50,882] 72 root - INFO - Artifact Syncing completed
[2024-12-29 19:32:50,883] 79 root - INFO - Syncing models to S3
[2024-12-29 19:33:35,904] 82 root - INFO - Models Syncing completed
