[2024-12-29 03:22:43,157] 15 root - INFO - >>>>>>>>>>>>>Data Ingestion Started<<<<<<<<<<<<<<
[2024-12-29 03:22:48,205] 37 root - INFO - Completed Exporting Collection as DataFrame
[2024-12-29 03:22:48,419] 50 root - INFO - Completed Exporting Data into Feature Store
[2024-12-29 03:22:48,428] 61 root - INFO - Completed Splitting Data into Train and Test Set
[2024-12-29 03:22:48,429] 62 root - INFO - Train Set Shape: (8844, 32)
[2024-12-29 03:22:48,429] 63 root - INFO - Test Set Shape: (2211, 32)
[2024-12-29 03:22:48,430] 67 root - INFO - Completed Creating Train and Test Directory
[2024-12-29 03:22:48,688] 70 root - INFO - Completed Exporting Train and Test Set
[2024-12-29 03:22:48,694] 20 root - INFO - >>>>>>>>>>>>>Data Ingestion Completed<<<<<<<<<<<<<<
[2024-12-29 03:22:48,694] 21 root - INFO - Train File Path: Artifacts\20241229032240\data_ingestion\ingested\train.csv
[2024-12-29 03:22:48,694] 22 root - INFO - Test File Path: Artifacts\20241229032240\data_ingestion\ingested\test.csv
[2024-12-29 03:22:48,695] 25 root - INFO - >>>>>>>>>>>>>Data Validation Started<<<<<<<<<<<<<<
[2024-12-29 03:22:48,841] 35 root - INFO - Number of columns in the schema: 2
[2024-12-29 03:22:48,841] 36 root - INFO - Number of columns in the dataframe: 32
[2024-12-29 03:22:48,842] 41 root - ERROR - Schema and dataframe have different number of columns
[2024-12-29 03:22:48,842] 35 root - INFO - Number of columns in the schema: 2
[2024-12-29 03:22:48,842] 36 root - INFO - Number of columns in the dataframe: 32
[2024-12-29 03:22:48,842] 41 root - ERROR - Schema and dataframe have different number of columns
[2024-12-29 03:22:49,058] 80 root - INFO - Data validation report: {'_id': {'p_value': 0.3846599802742159, 'drift_status': False}, 'having_IP_Address': {'p_value': 1.0, 'drift_status': False}, 'URL_Length': {'p_value': 1.0, 'drift_status': False}, 'Shortining_Service': {'p_value': 0.9999953843756324, 'drift_status': False}, 'having_At_Symbol': {'p_value': 0.9628916164648135, 'drift_status': False}, 'double_slash_redirecting': {'p_value': 1.0, 'drift_status': False}, 'Prefix_Suffix': {'p_value': 0.6449841622347342, 'drift_status': False}, 'having_Sub_Domain': {'p_value': 0.6449841622347342, 'drift_status': False}, 'SSLfinal_State': {'p_value': 0.9978960688614555, 'drift_status': False}, 'Domain_registeration_length': {'p_value': 1.0, 'drift_status': False}, 'Favicon': {'p_value': 0.3977611372826828, 'drift_status': False}, 'port': {'p_value': 0.9826271842488499, 'drift_status': False}, 'HTTPS_token': {'p_value': 1.0, 'drift_status': False}, 'Request_URL': {'p_value': 1.0, 'drift_status': False}, 'URL_of_Anchor': {'p_value': 0.5498506384437393, 'drift_status': False}, 'Links_in_tags': {'p_value': 0.677053990189204, 'drift_status': False}, 'SFH': {'p_value': 1.0, 'drift_status': False}, 'Submitting_to_email': {'p_value': 0.998821814236978, 'drift_status': False}, 'Abnormal_URL': {'p_value': 1.0, 'drift_status': False}, 'Redirect': {'p_value': 1.0, 'drift_status': False}, 'on_mouseover': {'p_value': 0.9999999947754254, 'drift_status': False}, 'RightClick': {'p_value': 1.0, 'drift_status': False}, 'popUpWidnow': {'p_value': 0.5115314028162039, 'drift_status': False}, 'Iframe': {'p_value': 1.0, 'drift_status': False}, 'age_of_domain': {'p_value': 0.9970105474352128, 'drift_status': False}, 'DNSRecord': {'p_value': 0.9990438890770315, 'drift_status': False}, 'web_traffic': {'p_value': 1.0, 'drift_status': False}, 'Page_Rank': {'p_value': 0.9996208033369954, 'drift_status': False}, 'Google_Index': {'p_value': 1.0, 'drift_status': False}, 'Links_pointing_to_page': {'p_value': 0.98068847421368, 'drift_status': False}, 'Statistical_report': {'p_value': 1.0, 'drift_status': False}, 'Result': {'p_value': 0.9328006214323754, 'drift_status': False}}
[2024-12-29 03:22:49,211] 29 root - INFO - >>>>>>>>>>>>>Data Validation Completed<<<<<<<<<<<<<<
[2024-12-29 03:22:49,212] 32 root - INFO - >>>>>>>>>>>>>Data Transformation Started<<<<<<<<<<<<<<
[2024-12-29 03:22:49,212] 48 root - INFO - Initiating data Reading
[2024-12-29 03:22:49,339] 51 root - INFO - Data read successfully
[2024-12-29 03:22:49,339] 52 root - INFO - Imputing missing values in train data
[2024-12-29 03:22:49,345] 58 root - INFO - Imputing missing values in test data
[2024-12-29 03:22:49,347] 63 root - INFO - Imputation complete
[2024-12-29 03:22:49,347] 65 root - INFO - Initiating data transformation pipeline
[2024-12-29 03:22:49,347] 34 root - INFO - Initiating KNNImputer with parameters{'missing_values': nan, 'n_neighbors': 3, 'weights': 'uniform'}
[2024-12-29 03:22:49,347] 38 root - INFO - KNNImputer initiated successfully
[2024-12-29 03:22:49,354] 68 root - INFO - Data transformation pipeline initiated successfully
[2024-12-29 03:22:49,363] 73 root - INFO - Converting transformed data to numpy array
[2024-12-29 03:22:49,364] 76 root - INFO - Train array shape: (8844, 31)
[2024-12-29 03:22:49,364] 77 root - INFO - Test array shape: (2211, 31)
[2024-12-29 03:22:49,364] 78 root - INFO - Data converted to numpy array
[2024-12-29 03:22:49,365] 29 root - INFO - Saving numpy array to file: Artifacts\20241229032240\data_transformation\transformed\trainnpy
[2024-12-29 03:22:49,413] 34 root - INFO - Complete saving numpy array to file: Artifacts\20241229032240\data_transformation\transformed\trainnpy
[2024-12-29 03:22:49,413] 29 root - INFO - Saving numpy array to file: Artifacts\20241229032240\data_transformation\transformed\testnpy
[2024-12-29 03:22:49,415] 34 root - INFO - Complete saving numpy array to file: Artifacts\20241229032240\data_transformation\transformed\testnpy
[2024-12-29 03:22:49,415] 40 root - INFO - Saving object to file: Artifacts\20241229032240\data_transformation\transformed_object\preprocessor.pkl
[2024-12-29 03:22:49,419] 44 root - INFO - Complete saving object to file: Artifacts\20241229032240\data_transformation\transformed_object\preprocessor.pkl
[2024-12-29 03:22:49,419] 84 root - INFO - Data transformation completed
[2024-12-29 03:22:49,421] 36 root - INFO - >>>>>>>>>>>>>Data Transformation Completed<<<<<<<<<<<<<<
[2024-12-29 03:22:49,422] 39 root - INFO - >>>>>>>>>>>>>Model Trainer Started<<<<<<<<<<<<<<
[2024-12-29 03:23:02,714] 52 root - INFO - Loading object from file: Artifacts\20241229032240\data_transformation\transformed_object\preprocessor.pkl
[2024-12-29 03:23:02,717] 40 root - INFO - Saving object to file: Artifacts\20241229032240\model_trainer\trained_model\model.pkl
[2024-12-29 03:23:02,723] 44 root - INFO - Complete saving object to file: Artifacts\20241229032240\model_trainer\trained_model\model.pkl
[2024-12-29 03:23:02,724] 43 root - INFO - >>>>>>>>>>>>>Model Trainer Completed<<<<<<<<<<<<<<
