[2024-12-28 23:47:26,058] 14 root - INFO - >>>>>>>>>>>>>Data Ingestion Started<<<<<<<<<<<<<<
[2024-12-28 23:47:31,685] 37 root - INFO - Completed Exporting Collection as DataFrame
[2024-12-28 23:47:31,971] 50 root - INFO - Completed Exporting Data into Feature Store
[2024-12-28 23:47:31,977] 61 root - INFO - Completed Splitting Data into Train and Test Set
[2024-12-28 23:47:31,977] 62 root - INFO - Train Set Shape: (8844, 32)
[2024-12-28 23:47:31,977] 63 root - INFO - Test Set Shape: (2211, 32)
[2024-12-28 23:47:31,978] 67 root - INFO - Completed Creating Train and Test Directory
[2024-12-28 23:47:32,269] 70 root - INFO - Completed Exporting Train and Test Set
[2024-12-28 23:47:32,274] 19 root - INFO - >>>>>>>>>>>>>Data Ingestion Completed<<<<<<<<<<<<<<
[2024-12-28 23:47:32,275] 20 root - INFO - Train File Path: Artifacts\20241228234723\data_ingestion\ingested\train.csv
[2024-12-28 23:47:32,275] 21 root - INFO - Test File Path: Artifacts\20241228234723\data_ingestion\ingested\test.csv
[2024-12-28 23:47:32,276] 24 root - INFO - >>>>>>>>>>>>>Data Validation Started<<<<<<<<<<<<<<
[2024-12-28 23:47:32,546] 35 root - INFO - Number of columns in the schema: 2
[2024-12-28 23:47:32,548] 36 root - INFO - Number of columns in the dataframe: 32
[2024-12-28 23:47:32,548] 41 root - ERROR - Schema and dataframe have different number of columns
[2024-12-28 23:47:32,548] 35 root - INFO - Number of columns in the schema: 2
[2024-12-28 23:47:32,548] 36 root - INFO - Number of columns in the dataframe: 32
[2024-12-28 23:47:32,549] 41 root - ERROR - Schema and dataframe have different number of columns
[2024-12-28 23:47:32,725] 80 root - INFO - Data validation report: {'_id': {'p_value': 0.8979221700912247, 'drift_status': False}, 'having_IP_Address': {'p_value': 0.9999999999965016, 'drift_status': False}, 'URL_Length': {'p_value': 0.999999999999956, 'drift_status': False}, 'Shortining_Service': {'p_value': 1.0, 'drift_status': False}, 'having_At_Symbol': {'p_value': 0.6049845433946239, 'drift_status': False}, 'double_slash_redirecting': {'p_value': 1.0, 'drift_status': False}, 'Prefix_Suffix': {'p_value': 0.999999999999956, 'drift_status': False}, 'having_Sub_Domain': {'p_value': 0.7247242015659158, 'drift_status': False}, 'SSLfinal_State': {'p_value': 0.9999510909578456, 'drift_status': False}, 'Domain_registeration_length': {'p_value': 0.35927327177063706, 'drift_status': False}, 'Favicon': {'p_value': 0.8151359073090507, 'drift_status': False}, 'port': {'p_value': 0.9999510909578456, 'drift_status': False}, 'HTTPS_token': {'p_value': 0.9999999999876384, 'drift_status': False}, 'Request_URL': {'p_value': 0.4527621454370569, 'drift_status': False}, 'URL_of_Anchor': {'p_value': 1.0, 'drift_status': False}, 'Links_in_tags': {'p_value': 0.9999953843756324, 'drift_status': False}, 'SFH': {'p_value': 0.9999971010402764, 'drift_status': False}, 'Submitting_to_email': {'p_value': 1.0, 'drift_status': False}, 'Abnormal_URL': {'p_value': 1.0, 'drift_status': False}, 'Redirect': {'p_value': 1.0, 'drift_status': False}, 'on_mouseover': {'p_value': 0.9999998099738984, 'drift_status': False}, 'RightClick': {'p_value': 1.0, 'drift_status': False}, 'popUpWidnow': {'p_value': 0.9563660841655501, 'drift_status': False}, 'Iframe': {'p_value': 1.0, 'drift_status': False}, 'age_of_domain': {'p_value': 1.0, 'drift_status': False}, 'DNSRecord': {'p_value': 0.9999928159851212, 'drift_status': False}, 'web_traffic': {'p_value': 0.4527621454370569, 'drift_status': False}, 'Page_Rank': {'p_value': 1.0, 'drift_status': False}, 'Google_Index': {'p_value': 1.0, 'drift_status': False}, 'Links_pointing_to_page': {'p_value': 0.928294204054473, 'drift_status': False}, 'Statistical_report': {'p_value': 0.999999999999956, 'drift_status': False}, 'Result': {'p_value': 1.0, 'drift_status': False}}
[2024-12-28 23:47:32,871] 28 root - INFO - >>>>>>>>>>>>>Data Validation Completed<<<<<<<<<<<<<<
[2024-12-28 23:47:32,872] 31 root - INFO - >>>>>>>>>>>>>Data Transformation Started<<<<<<<<<<<<<<
[2024-12-28 23:47:32,872] 48 root - INFO - Initiating data Reading
[2024-12-28 23:47:32,959] 51 root - INFO - Data read successfully
[2024-12-28 23:47:32,959] 52 root - INFO - Imputing missing values in train data
[2024-12-28 23:47:32,962] 57 root - INFO - Imputing missing values in test data
[2024-12-28 23:47:32,964] 61 root - INFO - Imputation complete
[2024-12-28 23:47:32,977] 71 root - INFO - Input Feature Train DataFrame Info:
[2024-12-28 23:47:32,977] 72 root - INFO - 
<class 'pandas.core.frame.DataFrame'>
RangeIndex: 8844 entries, 0 to 8843
Data columns (total 31 columns):
 #   Column                       Non-Null Count  Dtype 
---  ------                       --------------  ----- 
 0   _id                          8844 non-null   object
 1   having_IP_Address            8844 non-null   int64 
 2   URL_Length                   8844 non-null   int64 
 3   Shortining_Service           8844 non-null   int64 
 4   having_At_Symbol             8844 non-null   int64 
 5   double_slash_redirecting     8844 non-null   int64 
 6   Prefix_Suffix                8844 non-null   int64 
 7   having_Sub_Domain            8844 non-null   int64 
 8   SSLfinal_State               8844 non-null   int64 
 9   Domain_registeration_length  8844 non-null   int64 
 10  Favicon                      8844 non-null   int64 
 11  port                         8844 non-null   int64 
 12  HTTPS_token                  8844 non-null   int64 
 13  Request_URL                  8844 non-null   int64 
 14  URL_of_Anchor                8844 non-null   int64 
 15  Links_in_tags                8844 non-null   int64 
 16  SFH                          8844 non-null   int64 
 17  Submitting_to_email          8844 non-null   int64 
 18  Abnormal_URL                 8844 non-null   int64 
 19  Redirect                     8844 non-null   int64 
 20  on_mouseover                 8844 non-null   int64 
 21  RightClick                   8844 non-null   int64 
 22  popUpWidnow                  8844 non-null   int64 
 23  Iframe                       8844 non-null   int64 
 24  age_of_domain                8844 non-null   int64 
 25  DNSRecord                    8844 non-null   int64 
 26  web_traffic                  8844 non-null   int64 
 27  Page_Rank                    8844 non-null   int64 
 28  Google_Index                 8844 non-null   int64 
 29  Links_pointing_to_page       8844 non-null   int64 
 30  Statistical_report           8844 non-null   int64 
dtypes: int64(30), object(1)
memory usage: 2.1+ MB

[2024-12-28 23:47:32,986] 78 root - INFO - Numeric Feature Train DataFrame Info:
[2024-12-28 23:47:32,986] 79 root - INFO - 
<class 'pandas.core.frame.DataFrame'>
RangeIndex: 8844 entries, 0 to 8843
Data columns (total 30 columns):
 #   Column                       Non-Null Count  Dtype
---  ------                       --------------  -----
 0   having_IP_Address            8844 non-null   int64
 1   URL_Length                   8844 non-null   int64
 2   Shortining_Service           8844 non-null   int64
 3   having_At_Symbol             8844 non-null   int64
 4   double_slash_redirecting     8844 non-null   int64
 5   Prefix_Suffix                8844 non-null   int64
 6   having_Sub_Domain            8844 non-null   int64
 7   SSLfinal_State               8844 non-null   int64
 8   Domain_registeration_length  8844 non-null   int64
 9   Favicon                      8844 non-null   int64
 10  port                         8844 non-null   int64
 11  HTTPS_token                  8844 non-null   int64
 12  Request_URL                  8844 non-null   int64
 13  URL_of_Anchor                8844 non-null   int64
 14  Links_in_tags                8844 non-null   int64
 15  SFH                          8844 non-null   int64
 16  Submitting_to_email          8844 non-null   int64
 17  Abnormal_URL                 8844 non-null   int64
 18  Redirect                     8844 non-null   int64
 19  on_mouseover                 8844 non-null   int64
 20  RightClick                   8844 non-null   int64
 21  popUpWidnow                  8844 non-null   int64
 22  Iframe                       8844 non-null   int64
 23  age_of_domain                8844 non-null   int64
 24  DNSRecord                    8844 non-null   int64
 25  web_traffic                  8844 non-null   int64
 26  Page_Rank                    8844 non-null   int64
 27  Google_Index                 8844 non-null   int64
 28  Links_pointing_to_page       8844 non-null   int64
 29  Statistical_report           8844 non-null   int64
dtypes: int64(30)
memory usage: 2.0 MB

[2024-12-28 23:47:32,986] 83 root - INFO - Initiating data transformation pipeline
[2024-12-28 23:47:32,986] 34 root - INFO - Initiating KNNImputer with parameters{'missing_values': nan, 'n_neighbors': 3, 'weights': 'uniform'}
[2024-12-28 23:47:32,986] 38 root - INFO - KNNImputer initiated successfully
